<?xml version="1.0" encoding="UTF-8"?>
<testsuite xmlns:xsi="http://www.w3.org/2001/XMLSchema-instance" xsi:noNamespaceSchemaLocation="https://maven.apache.org/surefire/maven-surefire-plugin/xsd/surefire-test-report-3.0.xsd" version="3.0" name="com.application.psm.PostulacionesManagementSystemApplicationTests" time="10.509" tests="1" errors="0" skipped="0" failures="0">
  <properties>
[...]
</properties>
  <testcase name="contextLoads" classname="com.application.psm.PostulacionesManagementSystemApplicationTests" time="0.734">
    <system-out><![CDATA[02:16:09.897 [main] INFO org.springframework.test.context.support.AnnotationConfigContextLoaderUtils -- Could not detect default configuration classes for test class [com.application.psm.PostulacionesManagementSystemApplicationTests]: PostulacionesManagementSystemApplicationTests does not declare any static, non-private, non-final, nested classes annotated with @Configuration.
02:16:10.046 [main] INFO org.springframework.boot.test.context.SpringBootTestContextBootstrapper -- Found @SpringBootConfiguration com.application.psm.PostulacionesManagementSystemApplication for test class com.application.psm.PostulacionesManagementSystemApplicationTests
02:16:10.348 [main] INFO org.springframework.boot.devtools.restart.RestartApplicationListener -- Restart disabled due to context in which it is running

  .   ____          _            __ _ _
 /\\ / ___'_ __ _ _(_)_ __  __ _ \ \ \ \
( ( )\___ | '_ | '_| | '_ \/ _` | \ \ \ \
 \\/  ___)| |_)| | | | | || (_| |  ) ) ) )
  '  |____| .__|_| |_|_| |_\__, | / / / /
 =========|_|==============|___/=/_/_/_/
 :: Spring Boot ::                (v3.2.2)

2024-06-03T02:16:10.721-03:00  INFO 19304 --- [           main] lacionesManagementSystemApplicationTests : Starting PostulacionesManagementSystemApplicationTests using Java 17.0.9 with PID 19304 (started by Natanael in H:\02. Programacion\02. Proyecto Spring\Workspace\postulaciones-management-system)
2024-06-03T02:16:10.722-03:00  INFO 19304 --- [           main] lacionesManagementSystemApplicationTests : No active profile set, falling back to 1 default profile: "default"
2024-06-03T02:16:12.053-03:00  INFO 19304 --- [           main] .s.d.r.c.RepositoryConfigurationDelegate : Bootstrapping Spring Data JPA repositories in DEFAULT mode.
2024-06-03T02:16:12.212-03:00  INFO 19304 --- [           main] .s.d.r.c.RepositoryConfigurationDelegate : Finished Spring Data repository scanning in 132 ms. Found 5 JPA repository interfaces.
2024-06-03T02:16:13.215-03:00  INFO 19304 --- [           main] o.hibernate.jpa.internal.util.LogHelper  : HHH000204: Processing PersistenceUnitInfo [name: default]
2024-06-03T02:16:13.372-03:00  INFO 19304 --- [           main] org.hibernate.Version                    : HHH000412: Hibernate ORM core version 6.4.1.Final
2024-06-03T02:16:13.435-03:00  INFO 19304 --- [           main] o.h.c.internal.RegionFactoryInitiator    : HHH000026: Second-level cache disabled
2024-06-03T02:16:13.664-03:00 DEBUG 19304 --- [           main] org.hibernate.type.BasicTypeRegistry     : Adding type registration boolean -> org.hibernate.type.BasicTypeReference@73e1ecd0
2024-06-03T02:16:13.664-03:00 DEBUG 19304 --- [           main] org.hibernate.type.BasicTypeRegistry     : Adding type registration boolean -> org.hibernate.type.BasicTypeReference@73e1ecd0
2024-06-03T02:16:13.664-03:00 DEBUG 19304 --- [           main] org.hibernate.type.BasicTypeRegistry     : Adding type registration java.lang.Boolean -> org.hibernate.type.BasicTypeReference@73e1ecd0
2024-06-03T02:16:13.664-03:00 DEBUG 19304 --- [           main] org.hibernate.type.BasicTypeRegistry     : Adding type registration numeric_boolean -> org.hibernate.type.BasicTypeReference@11eec06b
2024-06-03T02:16:13.665-03:00 DEBUG 19304 --- [           main] org.hibernate.type.BasicTypeRegistry     : Adding type registration org.hibernate.type.NumericBooleanConverter -> org.hibernate.type.BasicTypeReference@11eec06b
2024-06-03T02:16:13.665-03:00 DEBUG 19304 --- [           main] org.hibernate.type.BasicTypeRegistry     : Adding type registration true_false -> org.hibernate.type.BasicTypeReference@65600fb3
2024-06-03T02:16:13.665-03:00 DEBUG 19304 --- [           main] org.hibernate.type.BasicTypeRegistry     : Adding type registration org.hibernate.type.TrueFalseConverter -> org.hibernate.type.BasicTypeReference@65600fb3
2024-06-03T02:16:13.665-03:00 DEBUG 19304 --- [           main] org.hibernate.type.BasicTypeRegistry     : Adding type registration yes_no -> org.hibernate.type.BasicTypeReference@25ce435
2024-06-03T02:16:13.665-03:00 DEBUG 19304 --- [           main] org.hibernate.type.BasicTypeRegistry     : Adding type registration org.hibernate.type.YesNoConverter -> org.hibernate.type.BasicTypeReference@25ce435
2024-06-03T02:16:13.665-03:00 DEBUG 19304 --- [           main] org.hibernate.type.BasicTypeRegistry     : Adding type registration byte -> org.hibernate.type.BasicTypeReference@7ea71fc2
2024-06-03T02:16:13.666-03:00 DEBUG 19304 --- [           main] org.hibernate.type.BasicTypeRegistry     : Adding type registration byte -> org.hibernate.type.BasicTypeReference@7ea71fc2
2024-06-03T02:16:13.666-03:00 DEBUG 19304 --- [           main] org.hibernate.type.BasicTypeRegistry     : Adding type registration java.lang.Byte -> org.hibernate.type.BasicTypeReference@7ea71fc2
2024-06-03T02:16:13.667-03:00 DEBUG 19304 --- [           main] org.hibernate.type.BasicTypeRegistry     : Adding type registration binary -> org.hibernate.type.BasicTypeReference@19ad75e5
2024-06-03T02:16:13.667-03:00 DEBUG 19304 --- [           main] org.hibernate.type.BasicTypeRegistry     : Adding type registration byte[] -> org.hibernate.type.BasicTypeReference@19ad75e5
2024-06-03T02:16:13.667-03:00 DEBUG 19304 --- [           main] org.hibernate.type.BasicTypeRegistry     : Adding type registration [B -> org.hibernate.type.BasicTypeReference@19ad75e5
2024-06-03T02:16:13.667-03:00 DEBUG 19304 --- [           main] org.hibernate.type.BasicTypeRegistry     : Adding type registration binary_wrapper -> org.hibernate.type.BasicTypeReference@5f5297e3
2024-06-03T02:16:13.667-03:00 DEBUG 19304 --- [           main] org.hibernate.type.BasicTypeRegistry     : Adding type registration wrapper-binary -> org.hibernate.type.BasicTypeReference@5f5297e3
2024-06-03T02:16:13.667-03:00 DEBUG 19304 --- [           main] org.hibernate.type.BasicTypeRegistry     : Adding type registration image -> org.hibernate.type.BasicTypeReference@2d22d3b1
2024-06-03T02:16:13.667-03:00 DEBUG 19304 --- [           main] org.hibernate.type.BasicTypeRegistry     : Adding type registration blob -> org.hibernate.type.BasicTypeReference@7ec3a8bd
2024-06-03T02:16:13.668-03:00 DEBUG 19304 --- [           main] org.hibernate.type.BasicTypeRegistry     : Adding type registration java.sql.Blob -> org.hibernate.type.BasicTypeReference@7ec3a8bd
2024-06-03T02:16:13.668-03:00 DEBUG 19304 --- [           main] org.hibernate.type.BasicTypeRegistry     : Adding type registration materialized_blob -> org.hibernate.type.BasicTypeReference@9690008
2024-06-03T02:16:13.668-03:00 DEBUG 19304 --- [           main] org.hibernate.type.BasicTypeRegistry     : Adding type registration materialized_blob_wrapper -> org.hibernate.type.BasicTypeReference@42cf6349
2024-06-03T02:16:13.668-03:00 DEBUG 19304 --- [           main] org.hibernate.type.BasicTypeRegistry     : Adding type registration short -> org.hibernate.type.BasicTypeReference@79cb8ffa
2024-06-03T02:16:13.668-03:00 DEBUG 19304 --- [           main] org.hibernate.type.BasicTypeRegistry     : Adding type registration short -> org.hibernate.type.BasicTypeReference@79cb8ffa
2024-06-03T02:16:13.668-03:00 DEBUG 19304 --- [           main] org.hibernate.type.BasicTypeRegistry     : Adding type registration java.lang.Short -> org.hibernate.type.BasicTypeReference@79cb8ffa
2024-06-03T02:16:13.668-03:00 DEBUG 19304 --- [           main] org.hibernate.type.BasicTypeRegistry     : Adding type registration integer -> org.hibernate.type.BasicTypeReference@1a2e563e
2024-06-03T02:16:13.668-03:00 DEBUG 19304 --- [           main] org.hibernate.type.BasicTypeRegistry     : Adding type registration int -> org.hibernate.type.BasicTypeReference@1a2e563e
2024-06-03T02:16:13.668-03:00 DEBUG 19304 --- [           main] org.hibernate.type.BasicTypeRegistry     : Adding type registration java.lang.Integer -> org.hibernate.type.BasicTypeReference@1a2e563e
2024-06-03T02:16:13.668-03:00 DEBUG 19304 --- [           main] org.hibernate.type.BasicTypeRegistry     : Adding type registration long -> org.hibernate.type.BasicTypeReference@5b066c33
2024-06-03T02:16:13.668-03:00 DEBUG 19304 --- [           main] org.hibernate.type.BasicTypeRegistry     : Adding type registration long -> org.hibernate.type.BasicTypeReference@5b066c33
2024-06-03T02:16:13.669-03:00 DEBUG 19304 --- [           main] org.hibernate.type.BasicTypeRegistry     : Adding type registration java.lang.Long -> org.hibernate.type.BasicTypeReference@5b066c33
2024-06-03T02:16:13.669-03:00 DEBUG 19304 --- [           main] org.hibernate.type.BasicTypeRegistry     : Adding type registration float -> org.hibernate.type.BasicTypeReference@62ea8931
2024-06-03T02:16:13.669-03:00 DEBUG 19304 --- [           main] org.hibernate.type.BasicTypeRegistry     : Adding type registration float -> org.hibernate.type.BasicTypeReference@62ea8931
2024-06-03T02:16:13.669-03:00 DEBUG 19304 --- [           main] org.hibernate.type.BasicTypeRegistry     : Adding type registration java.lang.Float -> org.hibernate.type.BasicTypeReference@62ea8931
2024-06-03T02:16:13.669-03:00 DEBUG 19304 --- [           main] org.hibernate.type.BasicTypeRegistry     : Adding type registration double -> org.hibernate.type.BasicTypeReference@47fb7ec9
2024-06-03T02:16:13.669-03:00 DEBUG 19304 --- [           main] org.hibernate.type.BasicTypeRegistry     : Adding type registration double -> org.hibernate.type.BasicTypeReference@47fb7ec9
2024-06-03T02:16:13.669-03:00 DEBUG 19304 --- [           main] org.hibernate.type.BasicTypeRegistry     : Adding type registration java.lang.Double -> org.hibernate.type.BasicTypeReference@47fb7ec9
2024-06-03T02:16:13.669-03:00 DEBUG 19304 --- [           main] org.hibernate.type.BasicTypeRegistry     : Adding type registration big_integer -> org.hibernate.type.BasicTypeReference@2f8c4fae
2024-06-03T02:16:13.670-03:00 DEBUG 19304 --- [           main] org.hibernate.type.BasicTypeRegistry     : Adding type registration java.math.BigInteger -> org.hibernate.type.BasicTypeReference@2f8c4fae
2024-06-03T02:16:13.670-03:00 DEBUG 19304 --- [           main] org.hibernate.type.BasicTypeRegistry     : Adding type registration big_decimal -> org.hibernate.type.BasicTypeReference@4703c998
2024-06-03T02:16:13.670-03:00 DEBUG 19304 --- [           main] org.hibernate.type.BasicTypeRegistry     : Adding type registration java.math.BigDecimal -> org.hibernate.type.BasicTypeReference@4703c998
2024-06-03T02:16:13.670-03:00 DEBUG 19304 --- [           main] org.hibernate.type.BasicTypeRegistry     : Adding type registration character -> org.hibernate.type.BasicTypeReference@71166348
2024-06-03T02:16:13.670-03:00 DEBUG 19304 --- [           main] org.hibernate.type.BasicTypeRegistry     : Adding type registration char -> org.hibernate.type.BasicTypeReference@71166348
2024-06-03T02:16:13.670-03:00 DEBUG 19304 --- [           main] org.hibernate.type.BasicTypeRegistry     : Adding type registration java.lang.Character -> org.hibernate.type.BasicTypeReference@71166348
2024-06-03T02:16:13.670-03:00 DEBUG 19304 --- [           main] org.hibernate.type.BasicTypeRegistry     : Adding type registration character_nchar -> org.hibernate.type.BasicTypeReference@6d874695
2024-06-03T02:16:13.671-03:00 DEBUG 19304 --- [           main] org.hibernate.type.BasicTypeRegistry     : Adding type registration string -> org.hibernate.type.BasicTypeReference@20bb85b4
2024-06-03T02:16:13.671-03:00 DEBUG 19304 --- [           main] org.hibernate.type.BasicTypeRegistry     : Adding type registration java.lang.String -> org.hibernate.type.BasicTypeReference@20bb85b4
2024-06-03T02:16:13.671-03:00 DEBUG 19304 --- [           main] org.hibernate.type.BasicTypeRegistry     : Adding type registration nstring -> org.hibernate.type.BasicTypeReference@79add732
2024-06-03T02:16:13.671-03:00 DEBUG 19304 --- [           main] org.hibernate.type.BasicTypeRegistry     : Adding type registration characters -> org.hibernate.type.BasicTypeReference@3be3e76c
2024-06-03T02:16:13.671-03:00 DEBUG 19304 --- [           main] org.hibernate.type.BasicTypeRegistry     : Adding type registration char[] -> org.hibernate.type.BasicTypeReference@3be3e76c
2024-06-03T02:16:13.671-03:00 DEBUG 19304 --- [           main] org.hibernate.type.BasicTypeRegistry     : Adding type registration [C -> org.hibernate.type.BasicTypeReference@3be3e76c
2024-06-03T02:16:13.672-03:00 DEBUG 19304 --- [           main] org.hibernate.type.BasicTypeRegistry     : Adding type registration wrapper-characters -> org.hibernate.type.BasicTypeReference@6c07ad6b
2024-06-03T02:16:13.672-03:00 DEBUG 19304 --- [           main] org.hibernate.type.BasicTypeRegistry     : Adding type registration text -> org.hibernate.type.BasicTypeReference@10ed037a
2024-06-03T02:16:13.672-03:00 DEBUG 19304 --- [           main] org.hibernate.type.BasicTypeRegistry     : Adding type registration ntext -> org.hibernate.type.BasicTypeReference@76e4212
2024-06-03T02:16:13.672-03:00 DEBUG 19304 --- [           main] org.hibernate.type.BasicTypeRegistry     : Adding type registration clob -> org.hibernate.type.BasicTypeReference@23121d14
2024-06-03T02:16:13.672-03:00 DEBUG 19304 --- [           main] org.hibernate.type.BasicTypeRegistry     : Adding type registration java.sql.Clob -> org.hibernate.type.BasicTypeReference@23121d14
2024-06-03T02:16:13.672-03:00 DEBUG 19304 --- [           main] org.hibernate.type.BasicTypeRegistry     : Adding type registration nclob -> org.hibernate.type.BasicTypeReference@72af90e8
2024-06-03T02:16:13.672-03:00 DEBUG 19304 --- [           main] org.hibernate.type.BasicTypeRegistry     : Adding type registration java.sql.NClob -> org.hibernate.type.BasicTypeReference@72af90e8
2024-06-03T02:16:13.672-03:00 DEBUG 19304 --- [           main] org.hibernate.type.BasicTypeRegistry     : Adding type registration materialized_clob -> org.hibernate.type.BasicTypeReference@aa1bb14
2024-06-03T02:16:13.673-03:00 DEBUG 19304 --- [           main] org.hibernate.type.BasicTypeRegistry     : Adding type registration materialized_clob_char_array -> org.hibernate.type.BasicTypeReference@7faa0680
2024-06-03T02:16:13.673-03:00 DEBUG 19304 --- [           main] org.hibernate.type.BasicTypeRegistry     : Adding type registration materialized_clob_character_array -> org.hibernate.type.BasicTypeReference@4c635edc
2024-06-03T02:16:13.673-03:00 DEBUG 19304 --- [           main] org.hibernate.type.BasicTypeRegistry     : Adding type registration materialized_nclob -> org.hibernate.type.BasicTypeReference@4245bf68
2024-06-03T02:16:13.673-03:00 DEBUG 19304 --- [           main] org.hibernate.type.BasicTypeRegistry     : Adding type registration materialized_nclob_character_array -> org.hibernate.type.BasicTypeReference@45bbc52f
2024-06-03T02:16:13.673-03:00 DEBUG 19304 --- [           main] org.hibernate.type.BasicTypeRegistry     : Adding type registration materialized_nclob_char_array -> org.hibernate.type.BasicTypeReference@6a8a551e
2024-06-03T02:16:13.673-03:00 DEBUG 19304 --- [           main] org.hibernate.type.BasicTypeRegistry     : Adding type registration Duration -> org.hibernate.type.BasicTypeReference@3cc9632d
2024-06-03T02:16:13.673-03:00 DEBUG 19304 --- [           main] org.hibernate.type.BasicTypeRegistry     : Adding type registration java.time.Duration -> org.hibernate.type.BasicTypeReference@3cc9632d
2024-06-03T02:16:13.673-03:00 DEBUG 19304 --- [           main] org.hibernate.type.BasicTypeRegistry     : Adding type registration LocalDateTime -> org.hibernate.type.BasicTypeReference@53982523
2024-06-03T02:16:13.674-03:00 DEBUG 19304 --- [           main] org.hibernate.type.BasicTypeRegistry     : Adding type registration java.time.LocalDateTime -> org.hibernate.type.BasicTypeReference@53982523
2024-06-03T02:16:13.674-03:00 DEBUG 19304 --- [           main] org.hibernate.type.BasicTypeRegistry     : Adding type registration LocalDate -> org.hibernate.type.BasicTypeReference@489110c2
2024-06-03T02:16:13.674-03:00 DEBUG 19304 --- [           main] org.hibernate.type.BasicTypeRegistry     : Adding type registration java.time.LocalDate -> org.hibernate.type.BasicTypeReference@489110c2
2024-06-03T02:16:13.674-03:00 DEBUG 19304 --- [           main] org.hibernate.type.BasicTypeRegistry     : Adding type registration LocalTime -> org.hibernate.type.BasicTypeReference@700b9e6b
2024-06-03T02:16:13.674-03:00 DEBUG 19304 --- [           main] org.hibernate.type.BasicTypeRegistry     : Adding type registration java.time.LocalTime -> org.hibernate.type.BasicTypeReference@700b9e6b
2024-06-03T02:16:13.674-03:00 DEBUG 19304 --- [           main] org.hibernate.type.BasicTypeRegistry     : Adding type registration OffsetDateTime -> org.hibernate.type.BasicTypeReference@7ac5b4c
2024-06-03T02:16:13.674-03:00 DEBUG 19304 --- [           main] org.hibernate.type.BasicTypeRegistry     : Adding type registration java.time.OffsetDateTime -> org.hibernate.type.BasicTypeReference@7ac5b4c
2024-06-03T02:16:13.675-03:00 DEBUG 19304 --- [           main] org.hibernate.type.BasicTypeRegistry     : Adding type registration OffsetDateTimeWithTimezone -> org.hibernate.type.BasicTypeReference@150fc7a7
2024-06-03T02:16:13.675-03:00 DEBUG 19304 --- [           main] org.hibernate.type.BasicTypeRegistry     : Adding type registration OffsetDateTimeWithoutTimezone -> org.hibernate.type.BasicTypeReference@55d8c2c4
2024-06-03T02:16:13.675-03:00 DEBUG 19304 --- [           main] org.hibernate.type.BasicTypeRegistry     : Adding type registration OffsetTime -> org.hibernate.type.BasicTypeReference@798cf6d2
2024-06-03T02:16:13.675-03:00 DEBUG 19304 --- [           main] org.hibernate.type.BasicTypeRegistry     : Adding type registration java.time.OffsetTime -> org.hibernate.type.BasicTypeReference@798cf6d2
2024-06-03T02:16:13.675-03:00 DEBUG 19304 --- [           main] org.hibernate.type.BasicTypeRegistry     : Adding type registration OffsetTimeUtc -> org.hibernate.type.BasicTypeReference@1c1fa494
2024-06-03T02:16:13.675-03:00 DEBUG 19304 --- [           main] org.hibernate.type.BasicTypeRegistry     : Adding type registration OffsetTimeWithTimezone -> org.hibernate.type.BasicTypeReference@77c66a4f
2024-06-03T02:16:13.675-03:00 DEBUG 19304 --- [           main] org.hibernate.type.BasicTypeRegistry     : Adding type registration OffsetTimeWithoutTimezone -> org.hibernate.type.BasicTypeReference@649b5891
2024-06-03T02:16:13.676-03:00 DEBUG 19304 --- [           main] org.hibernate.type.BasicTypeRegistry     : Adding type registration ZonedDateTime -> org.hibernate.type.BasicTypeReference@7a3f08b6
2024-06-03T02:16:13.676-03:00 DEBUG 19304 --- [           main] org.hibernate.type.BasicTypeRegistry     : Adding type registration java.time.ZonedDateTime -> org.hibernate.type.BasicTypeReference@7a3f08b6
2024-06-03T02:16:13.676-03:00 DEBUG 19304 --- [           main] org.hibernate.type.BasicTypeRegistry     : Adding type registration ZonedDateTimeWithTimezone -> org.hibernate.type.BasicTypeReference@1be52861
2024-06-03T02:16:13.676-03:00 DEBUG 19304 --- [           main] org.hibernate.type.BasicTypeRegistry     : Adding type registration ZonedDateTimeWithoutTimezone -> org.hibernate.type.BasicTypeReference@5fb5ad40
2024-06-03T02:16:13.676-03:00 DEBUG 19304 --- [           main] org.hibernate.type.BasicTypeRegistry     : Adding type registration date -> org.hibernate.type.BasicTypeReference@615439f7
2024-06-03T02:16:13.676-03:00 DEBUG 19304 --- [           main] org.hibernate.type.BasicTypeRegistry     : Adding type registration java.sql.Date -> org.hibernate.type.BasicTypeReference@615439f7
2024-06-03T02:16:13.676-03:00 DEBUG 19304 --- [           main] org.hibernate.type.BasicTypeRegistry     : Adding type registration time -> org.hibernate.type.BasicTypeReference@632cf7d3
2024-06-03T02:16:13.676-03:00 DEBUG 19304 --- [           main] org.hibernate.type.BasicTypeRegistry     : Adding type registration java.sql.Time -> org.hibernate.type.BasicTypeReference@632cf7d3
2024-06-03T02:16:13.683-03:00 DEBUG 19304 --- [           main] org.hibernate.type.BasicTypeRegistry     : Adding type registration timestamp -> org.hibernate.type.BasicTypeReference@51b87df7
2024-06-03T02:16:13.684-03:00 DEBUG 19304 --- [           main] org.hibernate.type.BasicTypeRegistry     : Adding type registration java.sql.Timestamp -> org.hibernate.type.BasicTypeReference@51b87df7
2024-06-03T02:16:13.684-03:00 DEBUG 19304 --- [           main] org.hibernate.type.BasicTypeRegistry     : Adding type registration java.util.Date -> org.hibernate.type.BasicTypeReference@51b87df7
2024-06-03T02:16:13.684-03:00 DEBUG 19304 --- [           main] org.hibernate.type.BasicTypeRegistry     : Adding type registration calendar -> org.hibernate.type.BasicTypeReference@2315052d
2024-06-03T02:16:13.684-03:00 DEBUG 19304 --- [           main] org.hibernate.type.BasicTypeRegistry     : Adding type registration java.util.Calendar -> org.hibernate.type.BasicTypeReference@2315052d
2024-06-03T02:16:13.684-03:00 DEBUG 19304 --- [           main] org.hibernate.type.BasicTypeRegistry     : Adding type registration java.util.GregorianCalendar -> org.hibernate.type.BasicTypeReference@2315052d
2024-06-03T02:16:13.684-03:00 DEBUG 19304 --- [           main] org.hibernate.type.BasicTypeRegistry     : Adding type registration calendar_date -> org.hibernate.type.BasicTypeReference@634e1b39
2024-06-03T02:16:13.684-03:00 DEBUG 19304 --- [           main] org.hibernate.type.BasicTypeRegistry     : Adding type registration calendar_time -> org.hibernate.type.BasicTypeReference@67d8faec
2024-06-03T02:16:13.684-03:00 DEBUG 19304 --- [           main] org.hibernate.type.BasicTypeRegistry     : Adding type registration instant -> org.hibernate.type.BasicTypeReference@751d7425
2024-06-03T02:16:13.684-03:00 DEBUG 19304 --- [           main] org.hibernate.type.BasicTypeRegistry     : Adding type registration java.time.Instant -> org.hibernate.type.BasicTypeReference@751d7425
2024-06-03T02:16:13.684-03:00 DEBUG 19304 --- [           main] org.hibernate.type.BasicTypeRegistry     : Adding type registration uuid -> org.hibernate.type.BasicTypeReference@7eaa2bc6
2024-06-03T02:16:13.685-03:00 DEBUG 19304 --- [           main] org.hibernate.type.BasicTypeRegistry     : Adding type registration java.util.UUID -> org.hibernate.type.BasicTypeReference@7eaa2bc6
2024-06-03T02:16:13.685-03:00 DEBUG 19304 --- [           main] org.hibernate.type.BasicTypeRegistry     : Adding type registration pg-uuid -> org.hibernate.type.BasicTypeReference@7eaa2bc6
2024-06-03T02:16:13.685-03:00 DEBUG 19304 --- [           main] org.hibernate.type.BasicTypeRegistry     : Adding type registration uuid-binary -> org.hibernate.type.BasicTypeReference@6dae70f9
2024-06-03T02:16:13.685-03:00 DEBUG 19304 --- [           main] org.hibernate.type.BasicTypeRegistry     : Adding type registration uuid-char -> org.hibernate.type.BasicTypeReference@4d81e83a
2024-06-03T02:16:13.685-03:00 DEBUG 19304 --- [           main] org.hibernate.type.BasicTypeRegistry     : Adding type registration class -> org.hibernate.type.BasicTypeReference@53a301f3
2024-06-03T02:16:13.685-03:00 DEBUG 19304 --- [           main] org.hibernate.type.BasicTypeRegistry     : Adding type registration java.lang.Class -> org.hibernate.type.BasicTypeReference@53a301f3
2024-06-03T02:16:13.685-03:00 DEBUG 19304 --- [           main] org.hibernate.type.BasicTypeRegistry     : Adding type registration currency -> org.hibernate.type.BasicTypeReference@7cf8f45a
2024-06-03T02:16:13.685-03:00 DEBUG 19304 --- [           main] org.hibernate.type.BasicTypeRegistry     : Adding type registration Currency -> org.hibernate.type.BasicTypeReference@7cf8f45a
2024-06-03T02:16:13.686-03:00 DEBUG 19304 --- [           main] org.hibernate.type.BasicTypeRegistry     : Adding type registration java.util.Currency -> org.hibernate.type.BasicTypeReference@7cf8f45a
2024-06-03T02:16:13.687-03:00 DEBUG 19304 --- [           main] org.hibernate.type.BasicTypeRegistry     : Adding type registration locale -> org.hibernate.type.BasicTypeReference@62cf6a84
2024-06-03T02:16:13.687-03:00 DEBUG 19304 --- [           main] org.hibernate.type.BasicTypeRegistry     : Adding type registration java.util.Locale -> org.hibernate.type.BasicTypeReference@62cf6a84
2024-06-03T02:16:13.687-03:00 DEBUG 19304 --- [           main] org.hibernate.type.BasicTypeRegistry     : Adding type registration serializable -> org.hibernate.type.BasicTypeReference@204d9edf
2024-06-03T02:16:13.687-03:00 DEBUG 19304 --- [           main] org.hibernate.type.BasicTypeRegistry     : Adding type registration java.io.Serializable -> org.hibernate.type.BasicTypeReference@204d9edf
2024-06-03T02:16:13.687-03:00 DEBUG 19304 --- [           main] org.hibernate.type.BasicTypeRegistry     : Adding type registration timezone -> org.hibernate.type.BasicTypeReference@6b2aafbc
2024-06-03T02:16:13.687-03:00 DEBUG 19304 --- [           main] org.hibernate.type.BasicTypeRegistry     : Adding type registration java.util.TimeZone -> org.hibernate.type.BasicTypeReference@6b2aafbc
2024-06-03T02:16:13.687-03:00 DEBUG 19304 --- [           main] org.hibernate.type.BasicTypeRegistry     : Adding type registration ZoneOffset -> org.hibernate.type.BasicTypeReference@50cbcca7
2024-06-03T02:16:13.687-03:00 DEBUG 19304 --- [           main] org.hibernate.type.BasicTypeRegistry     : Adding type registration java.time.ZoneOffset -> org.hibernate.type.BasicTypeReference@50cbcca7
2024-06-03T02:16:13.688-03:00 DEBUG 19304 --- [           main] org.hibernate.type.BasicTypeRegistry     : Adding type registration url -> org.hibernate.type.BasicTypeReference@49491770
2024-06-03T02:16:13.688-03:00 DEBUG 19304 --- [           main] org.hibernate.type.BasicTypeRegistry     : Adding type registration java.net.URL -> org.hibernate.type.BasicTypeReference@49491770
2024-06-03T02:16:13.688-03:00 DEBUG 19304 --- [           main] org.hibernate.type.BasicTypeRegistry     : Adding type registration vector -> org.hibernate.type.BasicTypeReference@5bec3e0
2024-06-03T02:16:13.688-03:00 DEBUG 19304 --- [           main] org.hibernate.type.BasicTypeRegistry     : Adding type registration row_version -> org.hibernate.type.BasicTypeReference@3b57dba4
2024-06-03T02:16:13.698-03:00 DEBUG 19304 --- [           main] org.hibernate.type.BasicTypeRegistry     : Adding type registration object -> org.hibernate.type.JavaObjectType@573aeab2
2024-06-03T02:16:13.698-03:00 DEBUG 19304 --- [           main] org.hibernate.type.BasicTypeRegistry     : Adding type registration java.lang.Object -> org.hibernate.type.JavaObjectType@573aeab2
2024-06-03T02:16:13.701-03:00 DEBUG 19304 --- [           main] org.hibernate.type.BasicTypeRegistry     : Adding type registration null -> org.hibernate.type.NullType@71789580
2024-06-03T02:16:13.702-03:00 DEBUG 19304 --- [           main] org.hibernate.type.BasicTypeRegistry     : Adding type registration imm_date -> org.hibernate.type.BasicTypeReference@23ee2ccf
2024-06-03T02:16:13.702-03:00 DEBUG 19304 --- [           main] org.hibernate.type.BasicTypeRegistry     : Adding type registration imm_time -> org.hibernate.type.BasicTypeReference@165614f5
2024-06-03T02:16:13.702-03:00 DEBUG 19304 --- [           main] org.hibernate.type.BasicTypeRegistry     : Adding type registration imm_timestamp -> org.hibernate.type.BasicTypeReference@6e685e6c
2024-06-03T02:16:13.702-03:00 DEBUG 19304 --- [           main] org.hibernate.type.BasicTypeRegistry     : Adding type registration imm_calendar -> org.hibernate.type.BasicTypeReference@5b0902b4
2024-06-03T02:16:13.702-03:00 DEBUG 19304 --- [           main] org.hibernate.type.BasicTypeRegistry     : Adding type registration imm_calendar_date -> org.hibernate.type.BasicTypeReference@9d3d54e
2024-06-03T02:16:13.703-03:00 DEBUG 19304 --- [           main] org.hibernate.type.BasicTypeRegistry     : Adding type registration imm_calendar_time -> org.hibernate.type.BasicTypeReference@2f04993d
2024-06-03T02:16:13.703-03:00 DEBUG 19304 --- [           main] org.hibernate.type.BasicTypeRegistry     : Adding type registration imm_binary -> org.hibernate.type.BasicTypeReference@333398f
2024-06-03T02:16:13.703-03:00 DEBUG 19304 --- [           main] org.hibernate.type.BasicTypeRegistry     : Adding type registration imm_serializable -> org.hibernate.type.BasicTypeReference@103c97ff
2024-06-03T02:16:14.067-03:00  INFO 19304 --- [           main] o.s.o.j.p.SpringPersistenceUnitInfo      : No LoadTimeWeaver setup: ignoring JPA class transformer
2024-06-03T02:16:14.119-03:00  INFO 19304 --- [           main] com.zaxxer.hikari.HikariDataSource       : HikariPool-1 - Starting...
2024-06-03T02:16:14.672-03:00  INFO 19304 --- [           main] com.zaxxer.hikari.pool.HikariPool        : HikariPool-1 - Added connection com.mysql.cj.jdbc.ConnectionImpl@521a506c
2024-06-03T02:16:14.677-03:00  INFO 19304 --- [           main] com.zaxxer.hikari.HikariDataSource       : HikariPool-1 - Start completed.
2024-06-03T02:16:14.769-03:00  WARN 19304 --- [           main] org.hibernate.orm.deprecation            : HHH90000025: MySQL8Dialect does not need to be specified explicitly using 'hibernate.dialect' (remove the property setting and it will be selected by default)
2024-06-03T02:16:14.771-03:00  WARN 19304 --- [           main] org.hibernate.orm.deprecation            : HHH90000026: MySQL8Dialect has been deprecated; use org.hibernate.dialect.MySQLDialect instead
2024-06-03T02:16:14.817-03:00 DEBUG 19304 --- [           main] o.h.t.d.sql.spi.DdlTypeRegistry          : addDescriptor(12, org.hibernate.type.descriptor.sql.internal.CapacityDependentDdlType@39afe59f) replaced previous registration(org.hibernate.type.descriptor.sql.internal.CapacityDependentDdlType@16f34376)
2024-06-03T02:16:14.817-03:00 DEBUG 19304 --- [           main] o.h.t.d.sql.spi.DdlTypeRegistry          : addDescriptor(-9, org.hibernate.type.descriptor.sql.internal.CapacityDependentDdlType@4ede035e) replaced previous registration(org.hibernate.type.descriptor.sql.internal.CapacityDependentDdlType@43756cb)
2024-06-03T02:16:14.818-03:00 DEBUG 19304 --- [           main] o.h.t.d.sql.spi.DdlTypeRegistry          : addDescriptor(-3, org.hibernate.type.descriptor.sql.internal.CapacityDependentDdlType@4272d8cf) replaced previous registration(org.hibernate.type.descriptor.sql.internal.CapacityDependentDdlType@4e96cb04)
2024-06-03T02:16:14.818-03:00 DEBUG 19304 --- [           main] o.h.t.d.sql.spi.DdlTypeRegistry          : addDescriptor(4003, org.hibernate.type.descriptor.sql.internal.DdlTypeImpl@70ecf57b) replaced previous registration(org.hibernate.type.descriptor.sql.internal.DdlTypeImpl@4e5364a3)
2024-06-03T02:16:14.819-03:00 DEBUG 19304 --- [           main] o.h.t.d.sql.spi.DdlTypeRegistry          : addDescriptor(4001, org.hibernate.type.descriptor.sql.internal.DdlTypeImpl@1a336906) replaced previous registration(org.hibernate.type.descriptor.sql.internal.DdlTypeImpl@62054faf)
2024-06-03T02:16:14.819-03:00 DEBUG 19304 --- [           main] o.h.t.d.sql.spi.DdlTypeRegistry          : addDescriptor(4002, org.hibernate.type.descriptor.sql.internal.DdlTypeImpl@75d539b9) replaced previous registration(org.hibernate.type.descriptor.sql.internal.DdlTypeImpl@20f63ddc)
2024-06-03T02:16:14.820-03:00 DEBUG 19304 --- [           main] o.h.t.d.sql.spi.DdlTypeRegistry          : addDescriptor(2004, org.hibernate.type.descriptor.sql.internal.CapacityDependentDdlType@210c1b9d) replaced previous registration(org.hibernate.type.descriptor.sql.internal.DdlTypeImpl@69bc4024)
2024-06-03T02:16:14.820-03:00 DEBUG 19304 --- [           main] o.h.t.d.sql.spi.DdlTypeRegistry          : addDescriptor(2005, org.hibernate.type.descriptor.sql.internal.CapacityDependentDdlType@3578a45b) replaced previous registration(org.hibernate.type.descriptor.sql.internal.DdlTypeImpl@24f177f5)
2024-06-03T02:16:14.820-03:00 DEBUG 19304 --- [           main] o.h.t.d.sql.spi.DdlTypeRegistry          : addDescriptor(2011, org.hibernate.type.descriptor.sql.internal.CapacityDependentDdlType@65e05005) replaced previous registration(org.hibernate.type.descriptor.sql.internal.DdlTypeImpl@6ed691fd)
2024-06-03T02:16:14.823-03:00 DEBUG 19304 --- [           main] o.h.t.d.jdbc.spi.JdbcTypeRegistry        : addDescriptor(NCharTypeDescriptor) replaced previous registration(CharTypeDescriptor)
2024-06-03T02:16:14.823-03:00 DEBUG 19304 --- [           main] o.h.t.d.jdbc.spi.JdbcTypeRegistry        : addDescriptor(NVarcharTypeDescriptor) replaced previous registration(VarcharTypeDescriptor)
2024-06-03T02:16:14.824-03:00 DEBUG 19304 --- [           main] o.h.t.d.jdbc.spi.JdbcTypeRegistry        : addDescriptor(LongNVarcharTypeDescriptor) replaced previous registration(LongVarcharTypeDescriptor)
2024-06-03T02:16:14.830-03:00 DEBUG 19304 --- [           main] o.h.t.d.jdbc.spi.JdbcTypeRegistry        : addDescriptor(NClobTypeDescriptor(DEFAULT)) replaced previous registration(ClobTypeDescriptor(DEFAULT))
2024-06-03T02:16:14.831-03:00 DEBUG 19304 --- [           main] o.h.t.d.jdbc.spi.JdbcTypeRegistry        : addDescriptor(2005, ClobTypeDescriptor(STREAM_BINDING)) replaced previous registration(ClobTypeDescriptor(DEFAULT))
2024-06-03T02:16:14.839-03:00 DEBUG 19304 --- [           main] org.hibernate.type.BasicTypeRegistry     : Adding type registration null -> org.hibernate.type.NullType@304068
2024-06-03T02:16:14.840-03:00 DEBUG 19304 --- [           main] org.hibernate.type.BasicTypeRegistry     : Type registration key [null] overrode previous entry : `org.hibernate.type.NullType@71789580`
2024-06-03T02:16:14.847-03:00 DEBUG 19304 --- [           main] org.hibernate.type.BasicTypeRegistry     : Adding type registration org.hibernate.type.DurationType -> basicType@1(java.time.Duration,2)
2024-06-03T02:16:14.847-03:00 DEBUG 19304 --- [           main] org.hibernate.type.BasicTypeRegistry     : Adding type registration Duration -> basicType@1(java.time.Duration,2)
2024-06-03T02:16:14.847-03:00 DEBUG 19304 --- [           main] org.hibernate.type.BasicTypeRegistry     : Adding type registration java.time.Duration -> basicType@1(java.time.Duration,2)
2024-06-03T02:16:14.852-03:00 DEBUG 19304 --- [           main] org.hibernate.type.BasicTypeRegistry     : Adding type registration org.hibernate.type.OffsetDateTimeType -> basicType@2(java.time.OffsetDateTime,3003)
2024-06-03T02:16:14.852-03:00 DEBUG 19304 --- [           main] org.hibernate.type.BasicTypeRegistry     : Adding type registration OffsetDateTime -> basicType@2(java.time.OffsetDateTime,3003)
2024-06-03T02:16:14.853-03:00 DEBUG 19304 --- [           main] org.hibernate.type.BasicTypeRegistry     : Adding type registration java.time.OffsetDateTime -> basicType@2(java.time.OffsetDateTime,3003)
2024-06-03T02:16:14.853-03:00 DEBUG 19304 --- [           main] org.hibernate.type.BasicTypeRegistry     : Adding type registration org.hibernate.type.ZonedDateTimeType -> basicType@3(java.time.ZonedDateTime,3003)
2024-06-03T02:16:14.853-03:00 DEBUG 19304 --- [           main] org.hibernate.type.BasicTypeRegistry     : Adding type registration ZonedDateTime -> basicType@3(java.time.ZonedDateTime,3003)
2024-06-03T02:16:14.853-03:00 DEBUG 19304 --- [           main] org.hibernate.type.BasicTypeRegistry     : Adding type registration java.time.ZonedDateTime -> basicType@3(java.time.ZonedDateTime,3003)
2024-06-03T02:16:14.854-03:00 DEBUG 19304 --- [           main] org.hibernate.type.BasicTypeRegistry     : Adding type registration org.hibernate.type.OffsetTimeType -> basicType@4(java.time.OffsetTime,3007)
2024-06-03T02:16:14.855-03:00 DEBUG 19304 --- [           main] org.hibernate.type.BasicTypeRegistry     : Adding type registration OffsetTime -> basicType@4(java.time.OffsetTime,3007)
2024-06-03T02:16:14.855-03:00 DEBUG 19304 --- [           main] org.hibernate.type.BasicTypeRegistry     : Adding type registration java.time.OffsetTime -> basicType@4(java.time.OffsetTime,3007)
2024-06-03T02:16:14.857-03:00 DEBUG 19304 --- [           main] o.h.type.spi.TypeConfiguration$Scope     : Scoping TypeConfiguration [org.hibernate.type.spi.TypeConfiguration@f591271] to MetadataBuildingContext [org.hibernate.boot.internal.MetadataBuildingContextRootImpl@77cc6a28]
2024-06-03T02:16:16.483-03:00  INFO 19304 --- [           main] o.h.e.t.j.p.i.JtaPlatformInitiator       : HHH000489: No JTA platform available (set 'hibernate.transaction.jta.platform' to enable JTA platform integration)
2024-06-03T02:16:16.484-03:00 DEBUG 19304 --- [           main] o.h.type.spi.TypeConfiguration$Scope     : Scoping TypeConfiguration [org.hibernate.type.spi.TypeConfiguration@f591271] to SessionFactoryImplementor [org.hibernate.internal.SessionFactoryImpl@4be1c797]
2024-06-03T02:16:16.640-03:00 TRACE 19304 --- [           main] o.h.type.spi.TypeConfiguration$Scope     : Handling #sessionFactoryCreated from [org.hibernate.internal.SessionFactoryImpl@4be1c797] for TypeConfiguration
2024-06-03T02:16:16.640-03:00  INFO 19304 --- [           main] j.LocalContainerEntityManagerFactoryBean : Initialized JPA EntityManagerFactory for persistence unit 'default'
2024-06-03T02:16:17.327-03:00  INFO 19304 --- [           main] o.s.d.j.r.query.QueryEnhancerFactory     : Hibernate is in classpath; If applicable, HQL parser will be used.
2024-06-03T02:16:17.997-03:00  WARN 19304 --- [           main] JpaBaseConfiguration$JpaWebConfiguration : spring.jpa.open-in-view is enabled by default. Therefore, database queries may be performed during view rendering. Explicitly configure spring.jpa.open-in-view to disable this warning
2024-06-03T02:16:18.019-03:00 TRACE 19304 --- [           main] eGlobalAuthenticationAutowiredConfigurer : Eagerly initializing {securityConfiguration=com.application.psm.config.SecurityConfiguration$$SpringCGLIB$$0@19c145d2}
2024-06-03T02:16:18.202-03:00  INFO 19304 --- [           main] o.s.b.a.w.s.WelcomePageHandlerMapping    : Adding welcome page template: index
2024-06-03T02:16:18.549-03:00 DEBUG 19304 --- [           main] edFilterInvocationSecurityMetadataSource : Adding web access control expression [permitAll] for ExactUrl [processUrl='/user/login-user?error']
2024-06-03T02:16:18.575-03:00 DEBUG 19304 --- [           main] edFilterInvocationSecurityMetadataSource : Adding web access control expression [permitAll] for ExactUrl [processUrl='/user/login-user']
2024-06-03T02:16:18.575-03:00 DEBUG 19304 --- [           main] edFilterInvocationSecurityMetadataSource : Adding web access control expression [permitAll] for ExactUrl [processUrl='/user/login-user']
2024-06-03T02:16:18.575-03:00 DEBUG 19304 --- [           main] edFilterInvocationSecurityMetadataSource : Adding web access control expression [permitAll] for Ant [pattern='/user/logout']
2024-06-03T02:16:18.575-03:00 DEBUG 19304 --- [           main] edFilterInvocationSecurityMetadataSource : Adding web access control expression [permitAll] for ExactUrl [processUrl='/user/login-user?logout']
2024-06-03T02:16:18.575-03:00 DEBUG 19304 --- [           main] edFilterInvocationSecurityMetadataSource : Adding web access control expression [permitAll] for Ant [pattern='/user/new-user']
2024-06-03T02:16:18.575-03:00 DEBUG 19304 --- [           main] edFilterInvocationSecurityMetadataSource : Adding web access control expression [permitAll] for Ant [pattern='/user/registration-user']
2024-06-03T02:16:18.575-03:00 DEBUG 19304 --- [           main] edFilterInvocationSecurityMetadataSource : Adding web access control expression [permitAll] for Ant [pattern='/home']
2024-06-03T02:16:18.575-03:00 DEBUG 19304 --- [           main] edFilterInvocationSecurityMetadataSource : Adding web access control expression [permitAll] for Ant [pattern='/sector/all-sectors']
2024-06-03T02:16:18.575-03:00 DEBUG 19304 --- [           main] edFilterInvocationSecurityMetadataSource : Adding web access control expression [permitAll] for Ant [pattern='/job/all-jobs']
2024-06-03T02:16:18.575-03:00 DEBUG 19304 --- [           main] edFilterInvocationSecurityMetadataSource : Adding web access control expression [permitAll] for Ant [pattern='/js/**']
2024-06-03T02:16:18.575-03:00 DEBUG 19304 --- [           main] edFilterInvocationSecurityMetadataSource : Adding web access control expression [permitAll] for Ant [pattern='/css/**']
2024-06-03T02:16:18.576-03:00 DEBUG 19304 --- [           main] edFilterInvocationSecurityMetadataSource : Adding web access control expression [permitAll] for Ant [pattern='/img/**']
2024-06-03T02:16:18.576-03:00 DEBUG 19304 --- [           main] edFilterInvocationSecurityMetadataSource : Adding web access control expression [hasRole('ROLE_VISITANTE')] for Ant [pattern='/visitante/**']
2024-06-03T02:16:18.577-03:00 DEBUG 19304 --- [           main] edFilterInvocationSecurityMetadataSource : Adding web access control expression [hasRole('ROLE_ADMIN')] for Ant [pattern='/admin**']
2024-06-03T02:16:18.578-03:00 DEBUG 19304 --- [           main] edFilterInvocationSecurityMetadataSource : Adding web access control expression [authenticated] for any request
2024-06-03T02:16:18.591-03:00 TRACE 19304 --- [           main] o.s.s.w.a.i.FilterSecurityInterceptor    : Validated configuration attributes
2024-06-03T02:16:18.592-03:00 TRACE 19304 --- [           main] o.s.s.w.a.i.FilterSecurityInterceptor    : Validated configuration attributes
2024-06-03T02:16:18.595-03:00  INFO 19304 --- [           main] o.s.s.web.DefaultSecurityFilterChain     : Will secure any request with [org.springframework.security.web.session.DisableEncodeUrlFilter@12ef8410, org.springframework.security.web.context.request.async.WebAsyncManagerIntegrationFilter@731819a0, org.springframework.security.web.context.SecurityContextHolderFilter@3237522b, org.springframework.security.web.header.HeaderWriterFilter@319e02e7, org.springframework.web.filter.CorsFilter@71bebddf, org.springframework.security.web.authentication.logout.LogoutFilter@78002333, org.springframework.security.web.authentication.UsernamePasswordAuthenticationFilter@54cb2cee, org.springframework.security.web.savedrequest.RequestCacheAwareFilter@60dd53e9, org.springframework.security.web.servletapi.SecurityContextHolderAwareRequestFilter@eb7d4ba, org.springframework.security.web.authentication.AnonymousAuthenticationFilter@7c1f435a, org.springframework.security.web.access.ExceptionTranslationFilter@4c255e8, org.springframework.security.web.access.intercept.FilterSecurityInterceptor@69a8617c]
2024-06-03T02:16:19.156-03:00  INFO 19304 --- [           main] lacionesManagementSystemApplicationTests : Started PostulacionesManagementSystemApplicationTests in 8.826 seconds (process running for 10.38)
2024-06-03T02:16:19.320-03:00 DEBUG 19304 --- [           main] org.hibernate.SQL                        : select r1_0.id,r1_0.role_name from role r1_0 where r1_0.role_name=?
2024-06-03T02:16:19.358-03:00 DEBUG 19304 --- [           main] org.hibernate.SQL                        : select r1_0.id,r1_0.role_name from role r1_0 where r1_0.role_name=?
2024-06-03T02:16:19.377-03:00 DEBUG 19304 --- [           main] org.hibernate.SQL                        : select count(u1_0.id)>0 from user u1_0 join role r1_0 on r1_0.id=u1_0.role_id where r1_0.role_name='ADMIN'
]]></system-out>
  </testcase>
</testsuite>