<?xml version="1.0" encoding="UTF-8"?>
<testsuite xmlns:xsi="http://www.w3.org/2001/XMLSchema-instance" xsi:noNamespaceSchemaLocation="https://maven.apache.org/surefire/maven-surefire-plugin/xsd/surefire-test-report-3.0.xsd" version="3.0" name="com.application.psm.PostulacionesManagementSystemApplicationTests" time="21.651" tests="1" errors="0" skipped="0" failures="0">
  <properties>
[...]
</properties>
  <testcase name="contextLoads" classname="com.application.psm.PostulacionesManagementSystemApplicationTests" time="0.504">
    <system-out><![CDATA[04:29:15.968 [main] INFO org.springframework.test.context.support.AnnotationConfigContextLoaderUtils -- Could not detect default configuration classes for test class [com.application.psm.PostulacionesManagementSystemApplicationTests]: PostulacionesManagementSystemApplicationTests does not declare any static, non-private, non-final, nested classes annotated with @Configuration.
04:29:16.079 [main] INFO org.springframework.boot.test.context.SpringBootTestContextBootstrapper -- Found @SpringBootConfiguration com.application.psm.PostulacionesManagementSystemApplication for test class com.application.psm.PostulacionesManagementSystemApplicationTests
04:29:16.273 [main] INFO org.springframework.boot.devtools.restart.RestartApplicationListener -- Restart disabled due to context in which it is running

  .   ____          _            __ _ _
 /\\ / ___'_ __ _ _(_)_ __  __ _ \ \ \ \
( ( )\___ | '_ | '_| | '_ \/ _` | \ \ \ \
 \\/  ___)| |_)| | | | | || (_| |  ) ) ) )
  '  |____| .__|_| |_|_| |_\__, | / / / /
 =========|_|==============|___/=/_/_/_/
 :: Spring Boot ::                (v3.2.2)

2024-06-03T04:29:16.570-03:00  INFO 6168 --- [           main] lacionesManagementSystemApplicationTests : Starting PostulacionesManagementSystemApplicationTests using Java 17.0.9 with PID 6168 (started by Natanael in H:\02. Programacion\02. Proyecto Spring\Workspace\postulaciones-management-system)
2024-06-03T04:29:16.572-03:00  INFO 6168 --- [           main] lacionesManagementSystemApplicationTests : No active profile set, falling back to 1 default profile: "default"
2024-06-03T04:29:17.381-03:00  INFO 6168 --- [           main] .s.d.r.c.RepositoryConfigurationDelegate : Bootstrapping Spring Data JPA repositories in DEFAULT mode.
2024-06-03T04:29:17.461-03:00  INFO 6168 --- [           main] .s.d.r.c.RepositoryConfigurationDelegate : Finished Spring Data repository scanning in 66 ms. Found 5 JPA repository interfaces.
2024-06-03T04:29:18.016-03:00  INFO 6168 --- [           main] o.hibernate.jpa.internal.util.LogHelper  : HHH000204: Processing PersistenceUnitInfo [name: default]
2024-06-03T04:29:18.083-03:00  INFO 6168 --- [           main] org.hibernate.Version                    : HHH000412: Hibernate ORM core version 6.4.1.Final
2024-06-03T04:29:18.129-03:00  INFO 6168 --- [           main] o.h.c.internal.RegionFactoryInitiator    : HHH000026: Second-level cache disabled
2024-06-03T04:29:18.261-03:00 DEBUG 6168 --- [           main] org.hibernate.type.BasicTypeRegistry     : Adding type registration boolean -> org.hibernate.type.BasicTypeReference@11eec06b
2024-06-03T04:29:18.261-03:00 DEBUG 6168 --- [           main] org.hibernate.type.BasicTypeRegistry     : Adding type registration boolean -> org.hibernate.type.BasicTypeReference@11eec06b
2024-06-03T04:29:18.261-03:00 DEBUG 6168 --- [           main] org.hibernate.type.BasicTypeRegistry     : Adding type registration java.lang.Boolean -> org.hibernate.type.BasicTypeReference@11eec06b
2024-06-03T04:29:18.261-03:00 DEBUG 6168 --- [           main] org.hibernate.type.BasicTypeRegistry     : Adding type registration numeric_boolean -> org.hibernate.type.BasicTypeReference@65600fb3
2024-06-03T04:29:18.261-03:00 DEBUG 6168 --- [           main] org.hibernate.type.BasicTypeRegistry     : Adding type registration org.hibernate.type.NumericBooleanConverter -> org.hibernate.type.BasicTypeReference@65600fb3
2024-06-03T04:29:18.262-03:00 DEBUG 6168 --- [           main] org.hibernate.type.BasicTypeRegistry     : Adding type registration true_false -> org.hibernate.type.BasicTypeReference@25ce435
2024-06-03T04:29:18.262-03:00 DEBUG 6168 --- [           main] org.hibernate.type.BasicTypeRegistry     : Adding type registration org.hibernate.type.TrueFalseConverter -> org.hibernate.type.BasicTypeReference@25ce435
2024-06-03T04:29:18.262-03:00 DEBUG 6168 --- [           main] org.hibernate.type.BasicTypeRegistry     : Adding type registration yes_no -> org.hibernate.type.BasicTypeReference@7ea71fc2
2024-06-03T04:29:18.262-03:00 DEBUG 6168 --- [           main] org.hibernate.type.BasicTypeRegistry     : Adding type registration org.hibernate.type.YesNoConverter -> org.hibernate.type.BasicTypeReference@7ea71fc2
2024-06-03T04:29:18.262-03:00 DEBUG 6168 --- [           main] org.hibernate.type.BasicTypeRegistry     : Adding type registration byte -> org.hibernate.type.BasicTypeReference@19ad75e5
2024-06-03T04:29:18.262-03:00 DEBUG 6168 --- [           main] org.hibernate.type.BasicTypeRegistry     : Adding type registration byte -> org.hibernate.type.BasicTypeReference@19ad75e5
2024-06-03T04:29:18.262-03:00 DEBUG 6168 --- [           main] org.hibernate.type.BasicTypeRegistry     : Adding type registration java.lang.Byte -> org.hibernate.type.BasicTypeReference@19ad75e5
2024-06-03T04:29:18.263-03:00 DEBUG 6168 --- [           main] org.hibernate.type.BasicTypeRegistry     : Adding type registration binary -> org.hibernate.type.BasicTypeReference@7cd5fcf4
2024-06-03T04:29:18.263-03:00 DEBUG 6168 --- [           main] org.hibernate.type.BasicTypeRegistry     : Adding type registration byte[] -> org.hibernate.type.BasicTypeReference@7cd5fcf4
2024-06-03T04:29:18.263-03:00 DEBUG 6168 --- [           main] org.hibernate.type.BasicTypeRegistry     : Adding type registration [B -> org.hibernate.type.BasicTypeReference@7cd5fcf4
2024-06-03T04:29:18.263-03:00 DEBUG 6168 --- [           main] org.hibernate.type.BasicTypeRegistry     : Adding type registration binary_wrapper -> org.hibernate.type.BasicTypeReference@2d22d3b1
2024-06-03T04:29:18.263-03:00 DEBUG 6168 --- [           main] org.hibernate.type.BasicTypeRegistry     : Adding type registration wrapper-binary -> org.hibernate.type.BasicTypeReference@2d22d3b1
2024-06-03T04:29:18.264-03:00 DEBUG 6168 --- [           main] org.hibernate.type.BasicTypeRegistry     : Adding type registration image -> org.hibernate.type.BasicTypeReference@7ec3a8bd
2024-06-03T04:29:18.264-03:00 DEBUG 6168 --- [           main] org.hibernate.type.BasicTypeRegistry     : Adding type registration blob -> org.hibernate.type.BasicTypeReference@9690008
2024-06-03T04:29:18.264-03:00 DEBUG 6168 --- [           main] org.hibernate.type.BasicTypeRegistry     : Adding type registration java.sql.Blob -> org.hibernate.type.BasicTypeReference@9690008
2024-06-03T04:29:18.264-03:00 DEBUG 6168 --- [           main] org.hibernate.type.BasicTypeRegistry     : Adding type registration materialized_blob -> org.hibernate.type.BasicTypeReference@42cf6349
2024-06-03T04:29:18.264-03:00 DEBUG 6168 --- [           main] org.hibernate.type.BasicTypeRegistry     : Adding type registration materialized_blob_wrapper -> org.hibernate.type.BasicTypeReference@79cb8ffa
2024-06-03T04:29:18.264-03:00 DEBUG 6168 --- [           main] org.hibernate.type.BasicTypeRegistry     : Adding type registration short -> org.hibernate.type.BasicTypeReference@1a2e563e
2024-06-03T04:29:18.264-03:00 DEBUG 6168 --- [           main] org.hibernate.type.BasicTypeRegistry     : Adding type registration short -> org.hibernate.type.BasicTypeReference@1a2e563e
2024-06-03T04:29:18.264-03:00 DEBUG 6168 --- [           main] org.hibernate.type.BasicTypeRegistry     : Adding type registration java.lang.Short -> org.hibernate.type.BasicTypeReference@1a2e563e
2024-06-03T04:29:18.264-03:00 DEBUG 6168 --- [           main] org.hibernate.type.BasicTypeRegistry     : Adding type registration integer -> org.hibernate.type.BasicTypeReference@5b066c33
2024-06-03T04:29:18.264-03:00 DEBUG 6168 --- [           main] org.hibernate.type.BasicTypeRegistry     : Adding type registration int -> org.hibernate.type.BasicTypeReference@5b066c33
2024-06-03T04:29:18.265-03:00 DEBUG 6168 --- [           main] org.hibernate.type.BasicTypeRegistry     : Adding type registration java.lang.Integer -> org.hibernate.type.BasicTypeReference@5b066c33
2024-06-03T04:29:18.265-03:00 DEBUG 6168 --- [           main] org.hibernate.type.BasicTypeRegistry     : Adding type registration long -> org.hibernate.type.BasicTypeReference@62ea8931
2024-06-03T04:29:18.265-03:00 DEBUG 6168 --- [           main] org.hibernate.type.BasicTypeRegistry     : Adding type registration long -> org.hibernate.type.BasicTypeReference@62ea8931
2024-06-03T04:29:18.265-03:00 DEBUG 6168 --- [           main] org.hibernate.type.BasicTypeRegistry     : Adding type registration java.lang.Long -> org.hibernate.type.BasicTypeReference@62ea8931
2024-06-03T04:29:18.265-03:00 DEBUG 6168 --- [           main] org.hibernate.type.BasicTypeRegistry     : Adding type registration float -> org.hibernate.type.BasicTypeReference@47fb7ec9
2024-06-03T04:29:18.265-03:00 DEBUG 6168 --- [           main] org.hibernate.type.BasicTypeRegistry     : Adding type registration float -> org.hibernate.type.BasicTypeReference@47fb7ec9
2024-06-03T04:29:18.265-03:00 DEBUG 6168 --- [           main] org.hibernate.type.BasicTypeRegistry     : Adding type registration java.lang.Float -> org.hibernate.type.BasicTypeReference@47fb7ec9
2024-06-03T04:29:18.265-03:00 DEBUG 6168 --- [           main] org.hibernate.type.BasicTypeRegistry     : Adding type registration double -> org.hibernate.type.BasicTypeReference@2f8c4fae
2024-06-03T04:29:18.265-03:00 DEBUG 6168 --- [           main] org.hibernate.type.BasicTypeRegistry     : Adding type registration double -> org.hibernate.type.BasicTypeReference@2f8c4fae
2024-06-03T04:29:18.265-03:00 DEBUG 6168 --- [           main] org.hibernate.type.BasicTypeRegistry     : Adding type registration java.lang.Double -> org.hibernate.type.BasicTypeReference@2f8c4fae
2024-06-03T04:29:18.266-03:00 DEBUG 6168 --- [           main] org.hibernate.type.BasicTypeRegistry     : Adding type registration big_integer -> org.hibernate.type.BasicTypeReference@4703c998
2024-06-03T04:29:18.266-03:00 DEBUG 6168 --- [           main] org.hibernate.type.BasicTypeRegistry     : Adding type registration java.math.BigInteger -> org.hibernate.type.BasicTypeReference@4703c998
2024-06-03T04:29:18.266-03:00 DEBUG 6168 --- [           main] org.hibernate.type.BasicTypeRegistry     : Adding type registration big_decimal -> org.hibernate.type.BasicTypeReference@71166348
2024-06-03T04:29:18.266-03:00 DEBUG 6168 --- [           main] org.hibernate.type.BasicTypeRegistry     : Adding type registration java.math.BigDecimal -> org.hibernate.type.BasicTypeReference@71166348
2024-06-03T04:29:18.266-03:00 DEBUG 6168 --- [           main] org.hibernate.type.BasicTypeRegistry     : Adding type registration character -> org.hibernate.type.BasicTypeReference@6d874695
2024-06-03T04:29:18.266-03:00 DEBUG 6168 --- [           main] org.hibernate.type.BasicTypeRegistry     : Adding type registration char -> org.hibernate.type.BasicTypeReference@6d874695
2024-06-03T04:29:18.266-03:00 DEBUG 6168 --- [           main] org.hibernate.type.BasicTypeRegistry     : Adding type registration java.lang.Character -> org.hibernate.type.BasicTypeReference@6d874695
2024-06-03T04:29:18.266-03:00 DEBUG 6168 --- [           main] org.hibernate.type.BasicTypeRegistry     : Adding type registration character_nchar -> org.hibernate.type.BasicTypeReference@20bb85b4
2024-06-03T04:29:18.266-03:00 DEBUG 6168 --- [           main] org.hibernate.type.BasicTypeRegistry     : Adding type registration string -> org.hibernate.type.BasicTypeReference@79add732
2024-06-03T04:29:18.266-03:00 DEBUG 6168 --- [           main] org.hibernate.type.BasicTypeRegistry     : Adding type registration java.lang.String -> org.hibernate.type.BasicTypeReference@79add732
2024-06-03T04:29:18.266-03:00 DEBUG 6168 --- [           main] org.hibernate.type.BasicTypeRegistry     : Adding type registration nstring -> org.hibernate.type.BasicTypeReference@3be3e76c
2024-06-03T04:29:18.267-03:00 DEBUG 6168 --- [           main] org.hibernate.type.BasicTypeRegistry     : Adding type registration characters -> org.hibernate.type.BasicTypeReference@6c07ad6b
2024-06-03T04:29:18.267-03:00 DEBUG 6168 --- [           main] org.hibernate.type.BasicTypeRegistry     : Adding type registration char[] -> org.hibernate.type.BasicTypeReference@6c07ad6b
2024-06-03T04:29:18.267-03:00 DEBUG 6168 --- [           main] org.hibernate.type.BasicTypeRegistry     : Adding type registration [C -> org.hibernate.type.BasicTypeReference@6c07ad6b
2024-06-03T04:29:18.267-03:00 DEBUG 6168 --- [           main] org.hibernate.type.BasicTypeRegistry     : Adding type registration wrapper-characters -> org.hibernate.type.BasicTypeReference@10ed037a
2024-06-03T04:29:18.267-03:00 DEBUG 6168 --- [           main] org.hibernate.type.BasicTypeRegistry     : Adding type registration text -> org.hibernate.type.BasicTypeReference@76e4212
2024-06-03T04:29:18.267-03:00 DEBUG 6168 --- [           main] org.hibernate.type.BasicTypeRegistry     : Adding type registration ntext -> org.hibernate.type.BasicTypeReference@23121d14
2024-06-03T04:29:18.267-03:00 DEBUG 6168 --- [           main] org.hibernate.type.BasicTypeRegistry     : Adding type registration clob -> org.hibernate.type.BasicTypeReference@72af90e8
2024-06-03T04:29:18.267-03:00 DEBUG 6168 --- [           main] org.hibernate.type.BasicTypeRegistry     : Adding type registration java.sql.Clob -> org.hibernate.type.BasicTypeReference@72af90e8
2024-06-03T04:29:18.267-03:00 DEBUG 6168 --- [           main] org.hibernate.type.BasicTypeRegistry     : Adding type registration nclob -> org.hibernate.type.BasicTypeReference@aa1bb14
2024-06-03T04:29:18.267-03:00 DEBUG 6168 --- [           main] org.hibernate.type.BasicTypeRegistry     : Adding type registration java.sql.NClob -> org.hibernate.type.BasicTypeReference@aa1bb14
2024-06-03T04:29:18.267-03:00 DEBUG 6168 --- [           main] org.hibernate.type.BasicTypeRegistry     : Adding type registration materialized_clob -> org.hibernate.type.BasicTypeReference@7faa0680
2024-06-03T04:29:18.268-03:00 DEBUG 6168 --- [           main] org.hibernate.type.BasicTypeRegistry     : Adding type registration materialized_clob_char_array -> org.hibernate.type.BasicTypeReference@4c635edc
2024-06-03T04:29:18.268-03:00 DEBUG 6168 --- [           main] org.hibernate.type.BasicTypeRegistry     : Adding type registration materialized_clob_character_array -> org.hibernate.type.BasicTypeReference@4245bf68
2024-06-03T04:29:18.268-03:00 DEBUG 6168 --- [           main] org.hibernate.type.BasicTypeRegistry     : Adding type registration materialized_nclob -> org.hibernate.type.BasicTypeReference@45bbc52f
2024-06-03T04:29:18.268-03:00 DEBUG 6168 --- [           main] org.hibernate.type.BasicTypeRegistry     : Adding type registration materialized_nclob_character_array -> org.hibernate.type.BasicTypeReference@6a8a551e
2024-06-03T04:29:18.268-03:00 DEBUG 6168 --- [           main] org.hibernate.type.BasicTypeRegistry     : Adding type registration materialized_nclob_char_array -> org.hibernate.type.BasicTypeReference@3cc9632d
2024-06-03T04:29:18.268-03:00 DEBUG 6168 --- [           main] org.hibernate.type.BasicTypeRegistry     : Adding type registration Duration -> org.hibernate.type.BasicTypeReference@53982523
2024-06-03T04:29:18.268-03:00 DEBUG 6168 --- [           main] org.hibernate.type.BasicTypeRegistry     : Adding type registration java.time.Duration -> org.hibernate.type.BasicTypeReference@53982523
2024-06-03T04:29:18.268-03:00 DEBUG 6168 --- [           main] org.hibernate.type.BasicTypeRegistry     : Adding type registration LocalDateTime -> org.hibernate.type.BasicTypeReference@489110c2
2024-06-03T04:29:18.268-03:00 DEBUG 6168 --- [           main] org.hibernate.type.BasicTypeRegistry     : Adding type registration java.time.LocalDateTime -> org.hibernate.type.BasicTypeReference@489110c2
2024-06-03T04:29:18.268-03:00 DEBUG 6168 --- [           main] org.hibernate.type.BasicTypeRegistry     : Adding type registration LocalDate -> org.hibernate.type.BasicTypeReference@700b9e6b
2024-06-03T04:29:18.268-03:00 DEBUG 6168 --- [           main] org.hibernate.type.BasicTypeRegistry     : Adding type registration java.time.LocalDate -> org.hibernate.type.BasicTypeReference@700b9e6b
2024-06-03T04:29:18.268-03:00 DEBUG 6168 --- [           main] org.hibernate.type.BasicTypeRegistry     : Adding type registration LocalTime -> org.hibernate.type.BasicTypeReference@7ac5b4c
2024-06-03T04:29:18.268-03:00 DEBUG 6168 --- [           main] org.hibernate.type.BasicTypeRegistry     : Adding type registration java.time.LocalTime -> org.hibernate.type.BasicTypeReference@7ac5b4c
2024-06-03T04:29:18.269-03:00 DEBUG 6168 --- [           main] org.hibernate.type.BasicTypeRegistry     : Adding type registration OffsetDateTime -> org.hibernate.type.BasicTypeReference@150fc7a7
2024-06-03T04:29:18.269-03:00 DEBUG 6168 --- [           main] org.hibernate.type.BasicTypeRegistry     : Adding type registration java.time.OffsetDateTime -> org.hibernate.type.BasicTypeReference@150fc7a7
2024-06-03T04:29:18.269-03:00 DEBUG 6168 --- [           main] org.hibernate.type.BasicTypeRegistry     : Adding type registration OffsetDateTimeWithTimezone -> org.hibernate.type.BasicTypeReference@55d8c2c4
2024-06-03T04:29:18.269-03:00 DEBUG 6168 --- [           main] org.hibernate.type.BasicTypeRegistry     : Adding type registration OffsetDateTimeWithoutTimezone -> org.hibernate.type.BasicTypeReference@798cf6d2
2024-06-03T04:29:18.269-03:00 DEBUG 6168 --- [           main] org.hibernate.type.BasicTypeRegistry     : Adding type registration OffsetTime -> org.hibernate.type.BasicTypeReference@1c1fa494
2024-06-03T04:29:18.269-03:00 DEBUG 6168 --- [           main] org.hibernate.type.BasicTypeRegistry     : Adding type registration java.time.OffsetTime -> org.hibernate.type.BasicTypeReference@1c1fa494
2024-06-03T04:29:18.269-03:00 DEBUG 6168 --- [           main] org.hibernate.type.BasicTypeRegistry     : Adding type registration OffsetTimeUtc -> org.hibernate.type.BasicTypeReference@77c66a4f
2024-06-03T04:29:18.269-03:00 DEBUG 6168 --- [           main] org.hibernate.type.BasicTypeRegistry     : Adding type registration OffsetTimeWithTimezone -> org.hibernate.type.BasicTypeReference@649b5891
2024-06-03T04:29:18.269-03:00 DEBUG 6168 --- [           main] org.hibernate.type.BasicTypeRegistry     : Adding type registration OffsetTimeWithoutTimezone -> org.hibernate.type.BasicTypeReference@7a3f08b6
2024-06-03T04:29:18.269-03:00 DEBUG 6168 --- [           main] org.hibernate.type.BasicTypeRegistry     : Adding type registration ZonedDateTime -> org.hibernate.type.BasicTypeReference@1be52861
2024-06-03T04:29:18.269-03:00 DEBUG 6168 --- [           main] org.hibernate.type.BasicTypeRegistry     : Adding type registration java.time.ZonedDateTime -> org.hibernate.type.BasicTypeReference@1be52861
2024-06-03T04:29:18.269-03:00 DEBUG 6168 --- [           main] org.hibernate.type.BasicTypeRegistry     : Adding type registration ZonedDateTimeWithTimezone -> org.hibernate.type.BasicTypeReference@5fb5ad40
2024-06-03T04:29:18.270-03:00 DEBUG 6168 --- [           main] org.hibernate.type.BasicTypeRegistry     : Adding type registration ZonedDateTimeWithoutTimezone -> org.hibernate.type.BasicTypeReference@615439f7
2024-06-03T04:29:18.270-03:00 DEBUG 6168 --- [           main] org.hibernate.type.BasicTypeRegistry     : Adding type registration date -> org.hibernate.type.BasicTypeReference@632cf7d3
2024-06-03T04:29:18.270-03:00 DEBUG 6168 --- [           main] org.hibernate.type.BasicTypeRegistry     : Adding type registration java.sql.Date -> org.hibernate.type.BasicTypeReference@632cf7d3
2024-06-03T04:29:18.270-03:00 DEBUG 6168 --- [           main] org.hibernate.type.BasicTypeRegistry     : Adding type registration time -> org.hibernate.type.BasicTypeReference@51b87df7
2024-06-03T04:29:18.270-03:00 DEBUG 6168 --- [           main] org.hibernate.type.BasicTypeRegistry     : Adding type registration java.sql.Time -> org.hibernate.type.BasicTypeReference@51b87df7
2024-06-03T04:29:18.270-03:00 DEBUG 6168 --- [           main] org.hibernate.type.BasicTypeRegistry     : Adding type registration timestamp -> org.hibernate.type.BasicTypeReference@2315052d
2024-06-03T04:29:18.270-03:00 DEBUG 6168 --- [           main] org.hibernate.type.BasicTypeRegistry     : Adding type registration java.sql.Timestamp -> org.hibernate.type.BasicTypeReference@2315052d
2024-06-03T04:29:18.270-03:00 DEBUG 6168 --- [           main] org.hibernate.type.BasicTypeRegistry     : Adding type registration java.util.Date -> org.hibernate.type.BasicTypeReference@2315052d
2024-06-03T04:29:18.270-03:00 DEBUG 6168 --- [           main] org.hibernate.type.BasicTypeRegistry     : Adding type registration calendar -> org.hibernate.type.BasicTypeReference@634e1b39
2024-06-03T04:29:18.270-03:00 DEBUG 6168 --- [           main] org.hibernate.type.BasicTypeRegistry     : Adding type registration java.util.Calendar -> org.hibernate.type.BasicTypeReference@634e1b39
2024-06-03T04:29:18.270-03:00 DEBUG 6168 --- [           main] org.hibernate.type.BasicTypeRegistry     : Adding type registration java.util.GregorianCalendar -> org.hibernate.type.BasicTypeReference@634e1b39
2024-06-03T04:29:18.270-03:00 DEBUG 6168 --- [           main] org.hibernate.type.BasicTypeRegistry     : Adding type registration calendar_date -> org.hibernate.type.BasicTypeReference@67d8faec
2024-06-03T04:29:18.270-03:00 DEBUG 6168 --- [           main] org.hibernate.type.BasicTypeRegistry     : Adding type registration calendar_time -> org.hibernate.type.BasicTypeReference@751d7425
2024-06-03T04:29:18.270-03:00 DEBUG 6168 --- [           main] org.hibernate.type.BasicTypeRegistry     : Adding type registration instant -> org.hibernate.type.BasicTypeReference@7eaa2bc6
2024-06-03T04:29:18.270-03:00 DEBUG 6168 --- [           main] org.hibernate.type.BasicTypeRegistry     : Adding type registration java.time.Instant -> org.hibernate.type.BasicTypeReference@7eaa2bc6
2024-06-03T04:29:18.270-03:00 DEBUG 6168 --- [           main] org.hibernate.type.BasicTypeRegistry     : Adding type registration uuid -> org.hibernate.type.BasicTypeReference@6dae70f9
2024-06-03T04:29:18.270-03:00 DEBUG 6168 --- [           main] org.hibernate.type.BasicTypeRegistry     : Adding type registration java.util.UUID -> org.hibernate.type.BasicTypeReference@6dae70f9
2024-06-03T04:29:18.271-03:00 DEBUG 6168 --- [           main] org.hibernate.type.BasicTypeRegistry     : Adding type registration pg-uuid -> org.hibernate.type.BasicTypeReference@6dae70f9
2024-06-03T04:29:18.271-03:00 DEBUG 6168 --- [           main] org.hibernate.type.BasicTypeRegistry     : Adding type registration uuid-binary -> org.hibernate.type.BasicTypeReference@4d81e83a
2024-06-03T04:29:18.271-03:00 DEBUG 6168 --- [           main] org.hibernate.type.BasicTypeRegistry     : Adding type registration uuid-char -> org.hibernate.type.BasicTypeReference@53a301f3
2024-06-03T04:29:18.271-03:00 DEBUG 6168 --- [           main] org.hibernate.type.BasicTypeRegistry     : Adding type registration class -> org.hibernate.type.BasicTypeReference@7cf8f45a
2024-06-03T04:29:18.271-03:00 DEBUG 6168 --- [           main] org.hibernate.type.BasicTypeRegistry     : Adding type registration java.lang.Class -> org.hibernate.type.BasicTypeReference@7cf8f45a
2024-06-03T04:29:18.271-03:00 DEBUG 6168 --- [           main] org.hibernate.type.BasicTypeRegistry     : Adding type registration currency -> org.hibernate.type.BasicTypeReference@62cf6a84
2024-06-03T04:29:18.271-03:00 DEBUG 6168 --- [           main] org.hibernate.type.BasicTypeRegistry     : Adding type registration Currency -> org.hibernate.type.BasicTypeReference@62cf6a84
2024-06-03T04:29:18.271-03:00 DEBUG 6168 --- [           main] org.hibernate.type.BasicTypeRegistry     : Adding type registration java.util.Currency -> org.hibernate.type.BasicTypeReference@62cf6a84
2024-06-03T04:29:18.271-03:00 DEBUG 6168 --- [           main] org.hibernate.type.BasicTypeRegistry     : Adding type registration locale -> org.hibernate.type.BasicTypeReference@204d9edf
2024-06-03T04:29:18.271-03:00 DEBUG 6168 --- [           main] org.hibernate.type.BasicTypeRegistry     : Adding type registration java.util.Locale -> org.hibernate.type.BasicTypeReference@204d9edf
2024-06-03T04:29:18.271-03:00 DEBUG 6168 --- [           main] org.hibernate.type.BasicTypeRegistry     : Adding type registration serializable -> org.hibernate.type.BasicTypeReference@6b2aafbc
2024-06-03T04:29:18.271-03:00 DEBUG 6168 --- [           main] org.hibernate.type.BasicTypeRegistry     : Adding type registration java.io.Serializable -> org.hibernate.type.BasicTypeReference@6b2aafbc
2024-06-03T04:29:18.271-03:00 DEBUG 6168 --- [           main] org.hibernate.type.BasicTypeRegistry     : Adding type registration timezone -> org.hibernate.type.BasicTypeReference@50cbcca7
2024-06-03T04:29:18.271-03:00 DEBUG 6168 --- [           main] org.hibernate.type.BasicTypeRegistry     : Adding type registration java.util.TimeZone -> org.hibernate.type.BasicTypeReference@50cbcca7
2024-06-03T04:29:18.271-03:00 DEBUG 6168 --- [           main] org.hibernate.type.BasicTypeRegistry     : Adding type registration ZoneOffset -> org.hibernate.type.BasicTypeReference@49491770
2024-06-03T04:29:18.271-03:00 DEBUG 6168 --- [           main] org.hibernate.type.BasicTypeRegistry     : Adding type registration java.time.ZoneOffset -> org.hibernate.type.BasicTypeReference@49491770
2024-06-03T04:29:18.272-03:00 DEBUG 6168 --- [           main] org.hibernate.type.BasicTypeRegistry     : Adding type registration url -> org.hibernate.type.BasicTypeReference@5bec3e0
2024-06-03T04:29:18.272-03:00 DEBUG 6168 --- [           main] org.hibernate.type.BasicTypeRegistry     : Adding type registration java.net.URL -> org.hibernate.type.BasicTypeReference@5bec3e0
2024-06-03T04:29:18.272-03:00 DEBUG 6168 --- [           main] org.hibernate.type.BasicTypeRegistry     : Adding type registration vector -> org.hibernate.type.BasicTypeReference@3b57dba4
2024-06-03T04:29:18.272-03:00 DEBUG 6168 --- [           main] org.hibernate.type.BasicTypeRegistry     : Adding type registration row_version -> org.hibernate.type.BasicTypeReference@35f7969d
2024-06-03T04:29:18.275-03:00 DEBUG 6168 --- [           main] org.hibernate.type.BasicTypeRegistry     : Adding type registration object -> org.hibernate.type.JavaObjectType@1304e0d7
2024-06-03T04:29:18.275-03:00 DEBUG 6168 --- [           main] org.hibernate.type.BasicTypeRegistry     : Adding type registration java.lang.Object -> org.hibernate.type.JavaObjectType@1304e0d7
2024-06-03T04:29:18.276-03:00 DEBUG 6168 --- [           main] org.hibernate.type.BasicTypeRegistry     : Adding type registration null -> org.hibernate.type.NullType@23ee2ccf
2024-06-03T04:29:18.277-03:00 DEBUG 6168 --- [           main] org.hibernate.type.BasicTypeRegistry     : Adding type registration imm_date -> org.hibernate.type.BasicTypeReference@165614f5
2024-06-03T04:29:18.277-03:00 DEBUG 6168 --- [           main] org.hibernate.type.BasicTypeRegistry     : Adding type registration imm_time -> org.hibernate.type.BasicTypeReference@6e685e6c
2024-06-03T04:29:18.277-03:00 DEBUG 6168 --- [           main] org.hibernate.type.BasicTypeRegistry     : Adding type registration imm_timestamp -> org.hibernate.type.BasicTypeReference@5b0902b4
2024-06-03T04:29:18.277-03:00 DEBUG 6168 --- [           main] org.hibernate.type.BasicTypeRegistry     : Adding type registration imm_calendar -> org.hibernate.type.BasicTypeReference@9d3d54e
2024-06-03T04:29:18.277-03:00 DEBUG 6168 --- [           main] org.hibernate.type.BasicTypeRegistry     : Adding type registration imm_calendar_date -> org.hibernate.type.BasicTypeReference@2f04993d
2024-06-03T04:29:18.277-03:00 DEBUG 6168 --- [           main] org.hibernate.type.BasicTypeRegistry     : Adding type registration imm_calendar_time -> org.hibernate.type.BasicTypeReference@333398f
2024-06-03T04:29:18.277-03:00 DEBUG 6168 --- [           main] org.hibernate.type.BasicTypeRegistry     : Adding type registration imm_binary -> org.hibernate.type.BasicTypeReference@103c97ff
2024-06-03T04:29:18.277-03:00 DEBUG 6168 --- [           main] org.hibernate.type.BasicTypeRegistry     : Adding type registration imm_serializable -> org.hibernate.type.BasicTypeReference@7d25913
2024-06-03T04:29:18.474-03:00  INFO 6168 --- [           main] o.s.o.j.p.SpringPersistenceUnitInfo      : No LoadTimeWeaver setup: ignoring JPA class transformer
2024-06-03T04:29:18.506-03:00  INFO 6168 --- [           main] com.zaxxer.hikari.HikariDataSource       : HikariPool-1 - Starting...
2024-06-03T04:29:21.318-03:00  INFO 6168 --- [           main] com.zaxxer.hikari.pool.HikariPool        : HikariPool-1 - Added connection com.mysql.cj.jdbc.ConnectionImpl@1328f482
2024-06-03T04:29:21.320-03:00  INFO 6168 --- [           main] com.zaxxer.hikari.HikariDataSource       : HikariPool-1 - Start completed.
2024-06-03T04:29:21.607-03:00  WARN 6168 --- [           main] org.hibernate.orm.deprecation            : HHH90000025: MySQL8Dialect does not need to be specified explicitly using 'hibernate.dialect' (remove the property setting and it will be selected by default)
2024-06-03T04:29:21.609-03:00  WARN 6168 --- [           main] org.hibernate.orm.deprecation            : HHH90000026: MySQL8Dialect has been deprecated; use org.hibernate.dialect.MySQLDialect instead
2024-06-03T04:29:21.631-03:00 DEBUG 6168 --- [           main] o.h.t.d.sql.spi.DdlTypeRegistry          : addDescriptor(12, org.hibernate.type.descriptor.sql.internal.CapacityDependentDdlType@24f177f5) replaced previous registration(org.hibernate.type.descriptor.sql.internal.CapacityDependentDdlType@65e05005)
2024-06-03T04:29:21.631-03:00 DEBUG 6168 --- [           main] o.h.t.d.sql.spi.DdlTypeRegistry          : addDescriptor(-9, org.hibernate.type.descriptor.sql.internal.CapacityDependentDdlType@6ed691fd) replaced previous registration(org.hibernate.type.descriptor.sql.internal.CapacityDependentDdlType@1efcba00)
2024-06-03T04:29:21.631-03:00 DEBUG 6168 --- [           main] o.h.t.d.sql.spi.DdlTypeRegistry          : addDescriptor(-3, org.hibernate.type.descriptor.sql.internal.CapacityDependentDdlType@311d28f5) replaced previous registration(org.hibernate.type.descriptor.sql.internal.CapacityDependentDdlType@569a26ab)
2024-06-03T04:29:21.631-03:00 DEBUG 6168 --- [           main] o.h.t.d.sql.spi.DdlTypeRegistry          : addDescriptor(4003, org.hibernate.type.descriptor.sql.internal.DdlTypeImpl@c190cfc) replaced previous registration(org.hibernate.type.descriptor.sql.internal.DdlTypeImpl@77ce8bc5)
2024-06-03T04:29:21.631-03:00 DEBUG 6168 --- [           main] o.h.t.d.sql.spi.DdlTypeRegistry          : addDescriptor(4001, org.hibernate.type.descriptor.sql.internal.DdlTypeImpl@2fcc5f49) replaced previous registration(org.hibernate.type.descriptor.sql.internal.DdlTypeImpl@28e48b65)
2024-06-03T04:29:21.632-03:00 DEBUG 6168 --- [           main] o.h.t.d.sql.spi.DdlTypeRegistry          : addDescriptor(4002, org.hibernate.type.descriptor.sql.internal.DdlTypeImpl@6cde0c69) replaced previous registration(org.hibernate.type.descriptor.sql.internal.DdlTypeImpl@6f4d2294)
2024-06-03T04:29:21.632-03:00 DEBUG 6168 --- [           main] o.h.t.d.sql.spi.DdlTypeRegistry          : addDescriptor(2004, org.hibernate.type.descriptor.sql.internal.CapacityDependentDdlType@22361e23) replaced previous registration(org.hibernate.type.descriptor.sql.internal.DdlTypeImpl@2e0516a3)
2024-06-03T04:29:21.632-03:00 DEBUG 6168 --- [           main] o.h.t.d.sql.spi.DdlTypeRegistry          : addDescriptor(2005, org.hibernate.type.descriptor.sql.internal.CapacityDependentDdlType@32a4ea4e) replaced previous registration(org.hibernate.type.descriptor.sql.internal.DdlTypeImpl@347b370c)
2024-06-03T04:29:21.632-03:00 DEBUG 6168 --- [           main] o.h.t.d.sql.spi.DdlTypeRegistry          : addDescriptor(2011, org.hibernate.type.descriptor.sql.internal.CapacityDependentDdlType@26aee0a6) replaced previous registration(org.hibernate.type.descriptor.sql.internal.DdlTypeImpl@20184ade)
2024-06-03T04:29:21.634-03:00 DEBUG 6168 --- [           main] o.h.t.d.jdbc.spi.JdbcTypeRegistry        : addDescriptor(NCharTypeDescriptor) replaced previous registration(CharTypeDescriptor)
2024-06-03T04:29:21.634-03:00 DEBUG 6168 --- [           main] o.h.t.d.jdbc.spi.JdbcTypeRegistry        : addDescriptor(NVarcharTypeDescriptor) replaced previous registration(VarcharTypeDescriptor)
2024-06-03T04:29:21.634-03:00 DEBUG 6168 --- [           main] o.h.t.d.jdbc.spi.JdbcTypeRegistry        : addDescriptor(LongNVarcharTypeDescriptor) replaced previous registration(LongVarcharTypeDescriptor)
2024-06-03T04:29:21.636-03:00 DEBUG 6168 --- [           main] o.h.t.d.jdbc.spi.JdbcTypeRegistry        : addDescriptor(NClobTypeDescriptor(DEFAULT)) replaced previous registration(ClobTypeDescriptor(DEFAULT))
2024-06-03T04:29:21.637-03:00 DEBUG 6168 --- [           main] o.h.t.d.jdbc.spi.JdbcTypeRegistry        : addDescriptor(2005, ClobTypeDescriptor(STREAM_BINDING)) replaced previous registration(ClobTypeDescriptor(DEFAULT))
2024-06-03T04:29:21.640-03:00 DEBUG 6168 --- [           main] org.hibernate.type.BasicTypeRegistry     : Adding type registration null -> org.hibernate.type.NullType@11d1735e
2024-06-03T04:29:21.640-03:00 DEBUG 6168 --- [           main] org.hibernate.type.BasicTypeRegistry     : Type registration key [null] overrode previous entry : `org.hibernate.type.NullType@23ee2ccf`
2024-06-03T04:29:21.643-03:00 DEBUG 6168 --- [           main] org.hibernate.type.BasicTypeRegistry     : Adding type registration org.hibernate.type.DurationType -> basicType@1(java.time.Duration,2)
2024-06-03T04:29:21.644-03:00 DEBUG 6168 --- [           main] org.hibernate.type.BasicTypeRegistry     : Adding type registration Duration -> basicType@1(java.time.Duration,2)
2024-06-03T04:29:21.644-03:00 DEBUG 6168 --- [           main] org.hibernate.type.BasicTypeRegistry     : Adding type registration java.time.Duration -> basicType@1(java.time.Duration,2)
2024-06-03T04:29:21.647-03:00 DEBUG 6168 --- [           main] org.hibernate.type.BasicTypeRegistry     : Adding type registration org.hibernate.type.OffsetDateTimeType -> basicType@2(java.time.OffsetDateTime,3003)
2024-06-03T04:29:21.647-03:00 DEBUG 6168 --- [           main] org.hibernate.type.BasicTypeRegistry     : Adding type registration OffsetDateTime -> basicType@2(java.time.OffsetDateTime,3003)
2024-06-03T04:29:21.647-03:00 DEBUG 6168 --- [           main] org.hibernate.type.BasicTypeRegistry     : Adding type registration java.time.OffsetDateTime -> basicType@2(java.time.OffsetDateTime,3003)
2024-06-03T04:29:21.647-03:00 DEBUG 6168 --- [           main] org.hibernate.type.BasicTypeRegistry     : Adding type registration org.hibernate.type.ZonedDateTimeType -> basicType@3(java.time.ZonedDateTime,3003)
2024-06-03T04:29:21.647-03:00 DEBUG 6168 --- [           main] org.hibernate.type.BasicTypeRegistry     : Adding type registration ZonedDateTime -> basicType@3(java.time.ZonedDateTime,3003)
2024-06-03T04:29:21.647-03:00 DEBUG 6168 --- [           main] org.hibernate.type.BasicTypeRegistry     : Adding type registration java.time.ZonedDateTime -> basicType@3(java.time.ZonedDateTime,3003)
2024-06-03T04:29:21.648-03:00 DEBUG 6168 --- [           main] org.hibernate.type.BasicTypeRegistry     : Adding type registration org.hibernate.type.OffsetTimeType -> basicType@4(java.time.OffsetTime,3007)
2024-06-03T04:29:21.648-03:00 DEBUG 6168 --- [           main] org.hibernate.type.BasicTypeRegistry     : Adding type registration OffsetTime -> basicType@4(java.time.OffsetTime,3007)
2024-06-03T04:29:21.648-03:00 DEBUG 6168 --- [           main] org.hibernate.type.BasicTypeRegistry     : Adding type registration java.time.OffsetTime -> basicType@4(java.time.OffsetTime,3007)
2024-06-03T04:29:21.649-03:00 DEBUG 6168 --- [           main] o.h.type.spi.TypeConfiguration$Scope     : Scoping TypeConfiguration [org.hibernate.type.spi.TypeConfiguration@6ceb11f9] to MetadataBuildingContext [org.hibernate.boot.internal.MetadataBuildingContextRootImpl@4d664323]
2024-06-03T04:29:22.580-03:00  INFO 6168 --- [           main] o.h.e.t.j.p.i.JtaPlatformInitiator       : HHH000489: No JTA platform available (set 'hibernate.transaction.jta.platform' to enable JTA platform integration)
2024-06-03T04:29:22.580-03:00 DEBUG 6168 --- [           main] o.h.type.spi.TypeConfiguration$Scope     : Scoping TypeConfiguration [org.hibernate.type.spi.TypeConfiguration@6ceb11f9] to SessionFactoryImplementor [org.hibernate.internal.SessionFactoryImpl@5ab06829]
2024-06-03T04:29:23.354-03:00 DEBUG 6168 --- [           main] org.hibernate.SQL                        : create table joboffer (id bigint not null auto_increment, description varchar(255) not null, req1 varchar(255) not null, req2 varchar(255) not null, req3 varchar(255) not null, title varchar(255) not null, url TEXT not null, sector_id bigint, primary key (id)) engine=InnoDB
2024-06-03T04:29:23.869-03:00 DEBUG 6168 --- [           main] org.hibernate.SQL                        : create table postulant (id bigint not null auto_increment, address varchar(255), aditional varchar(255), age integer, curriculum mediumblob, estado varchar(255), pdf_file_name varchar(255), phone integer not null, studies varchar(255), job_offer_id bigint, user_id bigint, primary key (id)) engine=InnoDB
2024-06-03T04:29:24.379-03:00 DEBUG 6168 --- [           main] org.hibernate.SQL                        : create table role (id bigint not null auto_increment, role_name varchar(255), primary key (id)) engine=InnoDB
2024-06-03T04:29:24.891-03:00 DEBUG 6168 --- [           main] org.hibernate.SQL                        : create table sector (id bigint not null auto_increment, description varchar(255) not null, name varchar(255) not null, url TEXT not null, primary key (id)) engine=InnoDB
2024-06-03T04:29:25.409-03:00 DEBUG 6168 --- [           main] org.hibernate.SQL                        : create table user (id bigint not null auto_increment, email varchar(255) not null, lastname varchar(255) not null, estado bit, name varchar(255) not null, password varchar(255), username varchar(255), role_id bigint, primary key (id)) engine=InnoDB
2024-06-03T04:29:25.937-03:00 DEBUG 6168 --- [           main] org.hibernate.SQL                        : alter table user drop index UKsb8bbouer5wak8vyiiy4pf2bx
2024-06-03T04:29:26.437-03:00 DEBUG 6168 --- [           main] org.hibernate.SQL                        : alter table user add constraint UKsb8bbouer5wak8vyiiy4pf2bx unique (username)
2024-06-03T04:29:26.941-03:00 DEBUG 6168 --- [           main] org.hibernate.SQL                        : alter table joboffer add constraint FKj3msdhquimwwexrunpc6cudw foreign key (sector_id) references sector (id)
2024-06-03T04:29:27.489-03:00 DEBUG 6168 --- [           main] org.hibernate.SQL                        : alter table postulant add constraint FKqk5jtck38n53v0tvny8jsecl7 foreign key (job_offer_id) references joboffer (id)
2024-06-03T04:29:28.042-03:00 DEBUG 6168 --- [           main] org.hibernate.SQL                        : alter table postulant add constraint FKaf2is5agg2541rhpkdec927y9 foreign key (user_id) references user (id)
2024-06-03T04:29:28.666-03:00 DEBUG 6168 --- [           main] org.hibernate.SQL                        : alter table user add constraint FKn82ha3ccdebhokx3a8fgdqeyy foreign key (role_id) references role (id)
2024-06-03T04:29:29.229-03:00 TRACE 6168 --- [           main] o.h.type.spi.TypeConfiguration$Scope     : Handling #sessionFactoryCreated from [org.hibernate.internal.SessionFactoryImpl@5ab06829] for TypeConfiguration
2024-06-03T04:29:29.230-03:00  INFO 6168 --- [           main] j.LocalContainerEntityManagerFactoryBean : Initialized JPA EntityManagerFactory for persistence unit 'default'
2024-06-03T04:29:29.626-03:00  INFO 6168 --- [           main] o.s.d.j.r.query.QueryEnhancerFactory     : Hibernate is in classpath; If applicable, HQL parser will be used.
2024-06-03T04:29:30.132-03:00  WARN 6168 --- [           main] JpaBaseConfiguration$JpaWebConfiguration : spring.jpa.open-in-view is enabled by default. Therefore, database queries may be performed during view rendering. Explicitly configure spring.jpa.open-in-view to disable this warning
2024-06-03T04:29:30.149-03:00 TRACE 6168 --- [           main] eGlobalAuthenticationAutowiredConfigurer : Eagerly initializing {securityConfiguration=com.application.psm.config.SecurityConfiguration$$SpringCGLIB$$0@28068327}
2024-06-03T04:29:30.269-03:00  INFO 6168 --- [           main] o.s.b.a.w.s.WelcomePageHandlerMapping    : Adding welcome page template: index
2024-06-03T04:29:30.530-03:00 DEBUG 6168 --- [           main] edFilterInvocationSecurityMetadataSource : Adding web access control expression [permitAll] for ExactUrl [processUrl='/user/login-user?error']
2024-06-03T04:29:30.549-03:00 DEBUG 6168 --- [           main] edFilterInvocationSecurityMetadataSource : Adding web access control expression [permitAll] for ExactUrl [processUrl='/user/login-user']
2024-06-03T04:29:30.550-03:00 DEBUG 6168 --- [           main] edFilterInvocationSecurityMetadataSource : Adding web access control expression [permitAll] for ExactUrl [processUrl='/user/login-user']
2024-06-03T04:29:30.550-03:00 DEBUG 6168 --- [           main] edFilterInvocationSecurityMetadataSource : Adding web access control expression [permitAll] for Ant [pattern='/user/logout']
2024-06-03T04:29:30.550-03:00 DEBUG 6168 --- [           main] edFilterInvocationSecurityMetadataSource : Adding web access control expression [permitAll] for ExactUrl [processUrl='/user/login-user?logout']
2024-06-03T04:29:30.550-03:00 DEBUG 6168 --- [           main] edFilterInvocationSecurityMetadataSource : Adding web access control expression [permitAll] for Ant [pattern='/user/new-user']
2024-06-03T04:29:30.550-03:00 DEBUG 6168 --- [           main] edFilterInvocationSecurityMetadataSource : Adding web access control expression [permitAll] for Ant [pattern='/user/registration-user']
2024-06-03T04:29:30.550-03:00 DEBUG 6168 --- [           main] edFilterInvocationSecurityMetadataSource : Adding web access control expression [permitAll] for Ant [pattern='/home']
2024-06-03T04:29:30.550-03:00 DEBUG 6168 --- [           main] edFilterInvocationSecurityMetadataSource : Adding web access control expression [permitAll] for Ant [pattern='/sector/all-sectors']
2024-06-03T04:29:30.550-03:00 DEBUG 6168 --- [           main] edFilterInvocationSecurityMetadataSource : Adding web access control expression [permitAll] for Ant [pattern='/job/all-jobs']
2024-06-03T04:29:30.550-03:00 DEBUG 6168 --- [           main] edFilterInvocationSecurityMetadataSource : Adding web access control expression [permitAll] for Ant [pattern='/js/**']
2024-06-03T04:29:30.550-03:00 DEBUG 6168 --- [           main] edFilterInvocationSecurityMetadataSource : Adding web access control expression [permitAll] for Ant [pattern='/css/**']
2024-06-03T04:29:30.550-03:00 DEBUG 6168 --- [           main] edFilterInvocationSecurityMetadataSource : Adding web access control expression [permitAll] for Ant [pattern='/img/**']
2024-06-03T04:29:30.550-03:00 DEBUG 6168 --- [           main] edFilterInvocationSecurityMetadataSource : Adding web access control expression [hasRole('ROLE_VISITANTE')] for Ant [pattern='/visitante/**']
2024-06-03T04:29:30.553-03:00 DEBUG 6168 --- [           main] edFilterInvocationSecurityMetadataSource : Adding web access control expression [hasRole('ROLE_ADMIN')] for Ant [pattern='/admin**']
2024-06-03T04:29:30.553-03:00 DEBUG 6168 --- [           main] edFilterInvocationSecurityMetadataSource : Adding web access control expression [authenticated] for any request
2024-06-03T04:29:30.562-03:00 TRACE 6168 --- [           main] o.s.s.w.a.i.FilterSecurityInterceptor    : Validated configuration attributes
2024-06-03T04:29:30.563-03:00 TRACE 6168 --- [           main] o.s.s.w.a.i.FilterSecurityInterceptor    : Validated configuration attributes
2024-06-03T04:29:30.566-03:00  INFO 6168 --- [           main] o.s.s.web.DefaultSecurityFilterChain     : Will secure any request with [org.springframework.security.web.session.DisableEncodeUrlFilter@346d441a, org.springframework.security.web.context.request.async.WebAsyncManagerIntegrationFilter@199dee18, org.springframework.security.web.context.SecurityContextHolderFilter@511cc6fc, org.springframework.security.web.header.HeaderWriterFilter@127c5f20, org.springframework.web.filter.CorsFilter@521d455c, org.springframework.security.web.authentication.logout.LogoutFilter@1f94e1, org.springframework.security.web.authentication.UsernamePasswordAuthenticationFilter@74be992a, org.springframework.security.web.savedrequest.RequestCacheAwareFilter@4e885b9, org.springframework.security.web.servletapi.SecurityContextHolderAwareRequestFilter@1a6e940b, org.springframework.security.web.authentication.AnonymousAuthenticationFilter@526ae1fc, org.springframework.security.web.access.ExceptionTranslationFilter@420307f9, org.springframework.security.web.access.intercept.FilterSecurityInterceptor@1baef878]
2024-06-03T04:29:30.955-03:00  INFO 6168 --- [           main] lacionesManagementSystemApplicationTests : Started PostulacionesManagementSystemApplicationTests in 14.695 seconds (process running for 15.754)
2024-06-03T04:29:31.093-03:00 DEBUG 6168 --- [           main] org.hibernate.SQL                        : select r1_0.id,r1_0.role_name from role r1_0 where r1_0.role_name=?
2024-06-03T04:29:31.860-03:00 DEBUG 6168 --- [           main] org.hibernate.SQL                        : insert into role (role_name) values (?)
2024-06-03T04:29:32.613-03:00 DEBUG 6168 --- [           main] org.hibernate.SQL                        : select r1_0.id,r1_0.role_name from role r1_0 where r1_0.role_name=?
2024-06-03T04:29:33.106-03:00 DEBUG 6168 --- [           main] org.hibernate.SQL                        : insert into role (role_name) values (?)
2024-06-03T04:29:33.857-03:00 DEBUG 6168 --- [           main] org.hibernate.SQL                        : select count(u1_0.id)>0 from user u1_0 join role r1_0 on r1_0.id=u1_0.role_id where r1_0.role_name='ADMIN'
2024-06-03T04:29:34.106-03:00 DEBUG 6168 --- [           main] org.hibernate.SQL                        : select count(u1_0.id)>0 from user u1_0 join role r1_0 on r1_0.id=u1_0.role_id where r1_0.role_name='ADMIN'
¿Existe un administrador en la base de datos?: false
2024-06-03T04:29:34.854-03:00 DEBUG 6168 --- [           main] org.hibernate.SQL                        : select r1_0.id,r1_0.role_name from role r1_0 where r1_0.id=?
2024-06-03T04:29:36.176-03:00 DEBUG 6168 --- [           main] org.hibernate.SQL                        : insert into user (email,lastname,estado,name,password,role_id,username) values (?,?,?,?,?,?,?)
]]></system-out>
  </testcase>
</testsuite>